Using pre-set license
Built from '2021.3/staging' branch; Version is '2021.3.16f1 (4016570cf34f) revision 4200023'; Using compiler version '192829333'; Build Type 'Release'
OS: 'Windows 10  (10.0.19044) 64bit Core' Language: 'en' Physical Memory: 16253 MB
BatchMode: 1, IsHumanControllingUs: 0, StartBugReporterOnCrash: 0, Is64bit: 1, IsPro: 1

COMMAND LINE ARGUMENTS:
C:\Program Files\Unity\Hub\Editor\2021.3.16f1\Editor\Unity.exe
-adb2
-batchMode
-noUpm
-name
AssetImportWorker3
-projectPath
C:/Users/Morga/Documents/GitHub/Imprecision
-logFile
Logs/AssetImportWorker3.log
-srvPort
56051
Successfully changed project path to: C:/Users/Morga/Documents/GitHub/Imprecision
C:/Users/Morga/Documents/GitHub/Imprecision
[UnityMemory] Configuration Parameters - Can be set up in boot.config
    "memorysetup-bucket-allocator-granularity=16"
    "memorysetup-bucket-allocator-bucket-count=8"
    "memorysetup-bucket-allocator-block-size=33554432"
    "memorysetup-bucket-allocator-block-count=8"
    "memorysetup-main-allocator-block-size=16777216"
    "memorysetup-thread-allocator-block-size=16777216"
    "memorysetup-gfx-main-allocator-block-size=16777216"
    "memorysetup-gfx-thread-allocator-block-size=16777216"
    "memorysetup-cache-allocator-block-size=4194304"
    "memorysetup-typetree-allocator-block-size=2097152"
    "memorysetup-profiler-bucket-allocator-granularity=16"
    "memorysetup-profiler-bucket-allocator-bucket-count=8"
    "memorysetup-profiler-bucket-allocator-block-size=33554432"
    "memorysetup-profiler-bucket-allocator-block-count=8"
    "memorysetup-profiler-allocator-block-size=16777216"
    "memorysetup-profiler-editor-allocator-block-size=1048576"
    "memorysetup-temp-allocator-size-main=16777216"
    "memorysetup-job-temp-allocator-block-size=2097152"
    "memorysetup-job-temp-allocator-block-size-background=1048576"
    "memorysetup-job-temp-allocator-reduction-small-platforms=262144"
    "memorysetup-temp-allocator-size-background-worker=32768"
    "memorysetup-temp-allocator-size-job-worker=262144"
    "memorysetup-temp-allocator-size-preload-manager=33554432"
    "memorysetup-temp-allocator-size-nav-mesh-worker=65536"
    "memorysetup-temp-allocator-size-audio-worker=65536"
    "memorysetup-temp-allocator-size-cloud-worker=32768"
    "memorysetup-temp-allocator-size-gi-baking-worker=262144"
    "memorysetup-temp-allocator-size-gfx=262144"
Player connection [6352] Host "[IP] 192.168.0.158 [Port] 0 [Flags] 2 [Guid] 1988728220 [EditorId] 1988728220 [Version] 1048832 [Id] WindowsEditor(7,DESKTOP-VCJTN35) [Debug] 1 [PackageName] WindowsEditor [ProjectName] Editor" joined multi-casting on [225.0.0.222:54997]...

Player connection [6352] Host "[IP] 192.168.0.158 [Port] 0 [Flags] 2 [Guid] 1988728220 [EditorId] 1988728220 [Version] 1048832 [Id] WindowsEditor(7,DESKTOP-VCJTN35) [Debug] 1 [PackageName] WindowsEditor [ProjectName] Editor" joined alternative multi-casting on [225.0.0.222:34997]...

Refreshing native plugins compatible for Editor in 119.11 ms, found 4 plugins.
Preloading 0 native plugins for Editor in 0.00 ms.
Initialize engine version: 2021.3.16f1 (4016570cf34f)
[Subsystems] Discovering subsystems at path C:/Program Files/Unity/Hub/Editor/2021.3.16f1/Editor/Data/Resources/UnitySubsystems
[Subsystems] Discovering subsystems at path C:/Users/Morga/Documents/GitHub/Imprecision/Assets
GfxDevice: creating device client; threaded=0; jobified=0
Direct3D:
    Version:  Direct3D 11.0 [level 11.1]
    Renderer: NVIDIA GeForce RTX 3050 (ID=0x2507)
    Vendor:   NVIDIA
    VRAM:     8056 MB
    Driver:   31.0.15.2849
Initialize mono
Mono path[0] = 'C:/Program Files/Unity/Hub/Editor/2021.3.16f1/Editor/Data/Managed'
Mono path[1] = 'C:/Program Files/Unity/Hub/Editor/2021.3.16f1/Editor/Data/MonoBleedingEdge/lib/mono/unityjit-win32'
Mono config path = 'C:/Program Files/Unity/Hub/Editor/2021.3.16f1/Editor/Data/MonoBleedingEdge/etc'
Using monoOptions --debugger-agent=transport=dt_socket,embedding=1,server=y,suspend=n,address=127.0.0.1:56712
Begin MonoManager ReloadAssembly
Registering precompiled unity dll's ...
Register platform support module: C:/Program Files/Unity/Hub/Editor/2021.3.16f1/Editor/Data/PlaybackEngines/WebGLSupport/UnityEditor.WebGL.Extensions.dll
Register platform support module: C:/Program Files/Unity/Hub/Editor/2021.3.16f1/Editor/Data/PlaybackEngines/AndroidPlayer/UnityEditor.Android.Extensions.dll
Register platform support module: C:/Program Files/Unity/Hub/Editor/2021.3.16f1/Editor/Data/PlaybackEngines/WindowsStandaloneSupport/UnityEditor.WindowsStandalone.Extensions.dll
Register platform support module: C:/Program Files/Unity/Hub/Editor/2021.3.16f1/Editor/Data/PlaybackEngines/MetroSupport/UnityEditor.UWP.Extensions.dll
Registered in 0.014742 seconds.
Native extension for UWP target not found
Native extension for WindowsStandalone target not found
Native extension for Android target not found
Native extension for WebGL target not found
Refreshing native plugins compatible for Editor in 89.44 ms, found 4 plugins.
Preloading 0 native plugins for Editor in 0.00 ms.
Mono: successfully reloaded assembly
- Completed reload, in  0.774 seconds
Domain Reload Profiling:
	ReloadAssembly (775ms)
		BeginReloadAssembly (87ms)
			ExecutionOrderSort (0ms)
			DisableScriptedObjects (0ms)
			BackupInstance (0ms)
			ReleaseScriptingObjects (0ms)
			CreateAndSetChildDomain (1ms)
		EndReloadAssembly (548ms)
			LoadAssemblies (85ms)
			RebuildTransferFunctionScriptingTraits (0ms)
			SetupTypeCache (126ms)
			ReleaseScriptCaches (0ms)
			RebuildScriptCaches (27ms)
			SetupLoadedEditorAssemblies (336ms)
				LogAssemblyErrors (0ms)
				InitializePlatformSupportModulesInManaged (61ms)
				SetLoadedEditorAssemblies (0ms)
				RefreshPlugins (90ms)
				BeforeProcessingInitializeOnLoad (2ms)
				ProcessInitializeOnLoadAttributes (123ms)
				ProcessInitializeOnLoadMethodAttributes (61ms)
				AfterProcessingInitializeOnLoad (0ms)
				EditorAssembliesLoaded (0ms)
			ExecutionOrderSort2 (0ms)
			AwakeInstancesAfterBackupRestoration (0ms)
Platform modules already initialized, skipping
Registering precompiled user dll's ...
Registered in 0.013567 seconds.
Android Extension - Scanning For ADB Devices 5370 ms
Begin MonoManager ReloadAssembly
Native extension for UWP target not found
Native extension for WindowsStandalone target not found
Native extension for Android target not found
Native extension for WebGL target not found
Refreshing native plugins compatible for Editor in 90.93 ms, found 4 plugins.
Preloading 0 native plugins for Editor in 0.00 ms.
Mono: successfully reloaded assembly
- Completed reload, in  9.676 seconds
Domain Reload Profiling:
	ReloadAssembly (9677ms)
		BeginReloadAssembly (114ms)
			ExecutionOrderSort (0ms)
			DisableScriptedObjects (6ms)
			BackupInstance (0ms)
			ReleaseScriptingObjects (0ms)
			CreateAndSetChildDomain (18ms)
		EndReloadAssembly (9293ms)
			LoadAssemblies (6566ms)
			RebuildTransferFunctionScriptingTraits (0ms)
			SetupTypeCache (790ms)
			ReleaseScriptCaches (1ms)
			RebuildScriptCaches (73ms)
			SetupLoadedEditorAssemblies (1805ms)
				LogAssemblyErrors (0ms)
				InitializePlatformSupportModulesInManaged (17ms)
				SetLoadedEditorAssemblies (0ms)
				RefreshPlugins (91ms)
				BeforeProcessingInitializeOnLoad (140ms)
				ProcessInitializeOnLoadAttributes (502ms)
				ProcessInitializeOnLoadMethodAttributes (1045ms)
				AfterProcessingInitializeOnLoad (9ms)
				EditorAssembliesLoaded (0ms)
			ExecutionOrderSort2 (0ms)
			AwakeInstancesAfterBackupRestoration (9ms)
Platform modules already initialized, skipping
========================================================================
Worker process is ready to serve import requests
Launched and connected shader compiler UnityShaderCompiler.exe after 0.10 seconds
Refreshing native plugins compatible for Editor in 1.43 ms, found 4 plugins.
Preloading 0 native plugins for Editor in 0.00 ms.
Unloading 5779 Unused Serialized files (Serialized files now loaded: 0)
Unloading 82 unused Assets / (0.8 MB). Loaded Objects now: 6240.
Memory consumption went from 239.7 MB to 238.9 MB.
Total: 4.823700 ms (FindLiveObjects: 0.484500 ms CreateObjectMapping: 0.507200 ms MarkObjects: 3.468100 ms  DeleteObjects: 0.362900 ms)

AssetImportParameters requested are different than current active one (requested -> active):
  custom:video-decoder-ogg-theora: a1e56fd34408186e4bbccfd4996cb3dc -> 
  custom:container-muxer-webm: aa71ff27fc2769a1b78a27578f13a17b -> 
  custom:container-demuxer-webm: 4f35f7cbe854078d1ac9338744f61a02 -> 
  custom:video-encoder-webm-vp8: eb34c28f22e8b96e1ab97ce403110664 -> 
  custom:audio-encoder-webm-vorbis: bf7c407c2cedff20999df2af8eb42d56 -> 
  custom:framework-win-MediaFoundation: 216162199b28c13a410421893ffa2e32 -> 
  custom:container-demuxer-ogg: 62fdf1f143b41e24485cea50d1cbac27 -> 
  custom:video-decoder-webm-vp8: 9c59270c3fd7afecdb556c50c9e8de78 -> 
  custom:audio-decoder-ogg-vorbis: bf7c407c2cedff20999df2af8eb42d56 -> 
========================================================================
Received Import Request.
  Time since last request: 943819.536998 seconds.
  path: Assets/Prefabs/GrassBlock.prefab
  artifactKey: Guid(a3e7aa651f5bf7b47b5a31dd82a1f333) Importer(815301076,1909f56bfc062723c751e8b465ee728b)
Start importing Assets/Prefabs/GrassBlock.prefab using Guid(a3e7aa651f5bf7b47b5a31dd82a1f333) Importer(815301076,1909f56bfc062723c751e8b465ee728b)  -> (artifact id: '5b4fd85afceca485bab07746433594ed') in 0.115266 seconds 
========================================================================
Received Prepare
Registering precompiled user dll's ...
Registered in 0.012026 seconds.
Begin MonoManager ReloadAssembly
Native extension for UWP target not found
Native extension for WindowsStandalone target not found
Native extension for Android target not found
Native extension for WebGL target not found
Refreshing native plugins compatible for Editor in 1.17 ms, found 4 plugins.
Preloading 0 native plugins for Editor in 0.00 ms.
Mono: successfully reloaded assembly
- Completed reload, in  1.644 seconds
Domain Reload Profiling:
	ReloadAssembly (1644ms)
		BeginReloadAssembly (168ms)
			ExecutionOrderSort (0ms)
			DisableScriptedObjects (5ms)
			BackupInstance (0ms)
			ReleaseScriptingObjects (0ms)
			CreateAndSetChildDomain (45ms)
		EndReloadAssembly (1348ms)
			LoadAssemblies (112ms)
			RebuildTransferFunctionScriptingTraits (0ms)
			SetupTypeCache (300ms)
			ReleaseScriptCaches (2ms)
			RebuildScriptCaches (54ms)
			SetupLoadedEditorAssemblies (818ms)
				LogAssemblyErrors (0ms)
				InitializePlatformSupportModulesInManaged (24ms)
				SetLoadedEditorAssemblies (0ms)
				RefreshPlugins (1ms)
				BeforeProcessingInitializeOnLoad (103ms)
				ProcessInitializeOnLoadAttributes (566ms)
				ProcessInitializeOnLoadMethodAttributes (110ms)
				AfterProcessingInitializeOnLoad (13ms)
				EditorAssembliesLoaded (0ms)
			ExecutionOrderSort2 (0ms)
			AwakeInstancesAfterBackupRestoration (18ms)
Platform modules already initialized, skipping
Refreshing native plugins compatible for Editor in 6.30 ms, found 4 plugins.
Preloading 0 native plugins for Editor in 0.00 ms.
Unloading 5611 Unused Serialized files (Serialized files now loaded: 0)
Unloading 61 unused Assets / (0.8 MB). Loaded Objects now: 6257.
Memory consumption went from 231.8 MB to 230.9 MB.
Total: 4.165200 ms (FindLiveObjects: 0.407900 ms CreateObjectMapping: 0.380100 ms MarkObjects: 3.025100 ms  DeleteObjects: 0.350800 ms)

AssetImportParameters requested are different than current active one (requested -> active):
  custom:video-decoder-ogg-theora: a1e56fd34408186e4bbccfd4996cb3dc -> 
  custom:container-muxer-webm: aa71ff27fc2769a1b78a27578f13a17b -> 
  custom:container-demuxer-webm: 4f35f7cbe854078d1ac9338744f61a02 -> 
  custom:video-encoder-webm-vp8: eb34c28f22e8b96e1ab97ce403110664 -> 
  custom:audio-encoder-webm-vorbis: bf7c407c2cedff20999df2af8eb42d56 -> 
  custom:framework-win-MediaFoundation: 216162199b28c13a410421893ffa2e32 -> 
  custom:container-demuxer-ogg: 62fdf1f143b41e24485cea50d1cbac27 -> 
  custom:video-decoder-webm-vp8: 9c59270c3fd7afecdb556c50c9e8de78 -> 
  custom:audio-decoder-ogg-vorbis: bf7c407c2cedff20999df2af8eb42d56 -> 
========================================================================
Received Prepare
Registering precompiled user dll's ...
Registered in 0.033688 seconds.
Begin MonoManager ReloadAssembly
Native extension for UWP target not found
Native extension for WindowsStandalone target not found
Native extension for Android target not found
Native extension for WebGL target not found
Refreshing native plugins compatible for Editor in 1.25 ms, found 5 plugins.
Preloading 0 native plugins for Editor in 0.00 ms.
Mono: successfully reloaded assembly
- Completed reload, in  1.545 seconds
Domain Reload Profiling:
	ReloadAssembly (1546ms)
		BeginReloadAssembly (169ms)
			ExecutionOrderSort (0ms)
			DisableScriptedObjects (7ms)
			BackupInstance (0ms)
			ReleaseScriptingObjects (0ms)
			CreateAndSetChildDomain (54ms)
		EndReloadAssembly (1263ms)
			LoadAssemblies (289ms)
			RebuildTransferFunctionScriptingTraits (0ms)
			SetupTypeCache (272ms)
			ReleaseScriptCaches (2ms)
			RebuildScriptCaches (57ms)
			SetupLoadedEditorAssemblies (591ms)
				LogAssemblyErrors (0ms)
				InitializePlatformSupportModulesInManaged (26ms)
				SetLoadedEditorAssemblies (0ms)
				RefreshPlugins (1ms)
				BeforeProcessingInitializeOnLoad (103ms)
				ProcessInitializeOnLoadAttributes (377ms)
				ProcessInitializeOnLoadMethodAttributes (75ms)
				AfterProcessingInitializeOnLoad (9ms)
				EditorAssembliesLoaded (0ms)
			ExecutionOrderSort2 (0ms)
			AwakeInstancesAfterBackupRestoration (12ms)
Platform modules already initialized, skipping
Refreshing native plugins compatible for Editor in 5.75 ms, found 5 plugins.
Preloading 0 native plugins for Editor in 0.00 ms.
Unloading 5625 Unused Serialized files (Serialized files now loaded: 0)
Unloading 63 unused Assets / (0.8 MB). Loaded Objects now: 6285.
Memory consumption went from 232.2 MB to 231.4 MB.
Total: 4.503600 ms (FindLiveObjects: 0.418600 ms CreateObjectMapping: 0.415300 ms MarkObjects: 3.270600 ms  DeleteObjects: 0.398000 ms)

AssetImportParameters requested are different than current active one (requested -> active):
  custom:video-decoder-ogg-theora: a1e56fd34408186e4bbccfd4996cb3dc -> 
  custom:container-muxer-webm: aa71ff27fc2769a1b78a27578f13a17b -> 
  custom:container-demuxer-webm: 4f35f7cbe854078d1ac9338744f61a02 -> 
  custom:video-encoder-webm-vp8: eb34c28f22e8b96e1ab97ce403110664 -> 
  custom:audio-encoder-webm-vorbis: bf7c407c2cedff20999df2af8eb42d56 -> 
  custom:framework-win-MediaFoundation: 216162199b28c13a410421893ffa2e32 -> 
  custom:container-demuxer-ogg: 62fdf1f143b41e24485cea50d1cbac27 -> 
  custom:video-decoder-webm-vp8: 9c59270c3fd7afecdb556c50c9e8de78 -> 
  custom:audio-decoder-ogg-vorbis: bf7c407c2cedff20999df2af8eb42d56 -> 
========================================================================
Received Import Request.
  Time since last request: 629.891970 seconds.
  path: Assets/Prefabs/GrassBlock.prefab
  artifactKey: Guid(a3e7aa651f5bf7b47b5a31dd82a1f333) Importer(815301076,1909f56bfc062723c751e8b465ee728b)
Start importing Assets/Prefabs/GrassBlock.prefab using Guid(a3e7aa651f5bf7b47b5a31dd82a1f333) Importer(815301076,1909f56bfc062723c751e8b465ee728b)  -> (artifact id: 'e40d22dd58b4cbfff8f96439bc790037') in 0.036562 seconds 
========================================================================
Received Import Request.
  Time since last request: 33.658411 seconds.
  path: Assets/Assets/Arrow.fbx
  artifactKey: Guid(35fa8518be393b540847bdf31fd11006) Importer(815301076,1909f56bfc062723c751e8b465ee728b)
Start importing Assets/Assets/Arrow.fbx using Guid(35fa8518be393b540847bdf31fd11006) Importer(815301076,1909f56bfc062723c751e8b465ee728b)  -> (artifact id: '8af6864c78f8a9a170b696dfecce5bb8') in 0.405478 seconds 
========================================================================
Received Import Request.
  Time since last request: 0.000027 seconds.
  path: Assets/StarterAssets/Environment/Art/Models/Tunnel_Mesh.fbx
  artifactKey: Guid(f712806514868e54699156ec05dcb749) Importer(815301076,1909f56bfc062723c751e8b465ee728b)
Start importing Assets/StarterAssets/Environment/Art/Models/Tunnel_Mesh.fbx using Guid(f712806514868e54699156ec05dcb749) Importer(815301076,1909f56bfc062723c751e8b465ee728b)  -> (artifact id: '05b1d47760abd07539b734c69b4fbdca') in 0.036360 seconds 
========================================================================
Received Import Request.
  Time since last request: 0.000032 seconds.
  path: Assets/StarterAssets/Environment/Art/Models/Box_350x250x200_Mesh.fbx
  artifactKey: Guid(c6a55ba99e9e99d41b7eef123e311a43) Importer(815301076,1909f56bfc062723c751e8b465ee728b)
Start importing Assets/StarterAssets/Environment/Art/Models/Box_350x250x200_Mesh.fbx using Guid(c6a55ba99e9e99d41b7eef123e311a43) Importer(815301076,1909f56bfc062723c751e8b465ee728b)  -> (artifact id: '23d18580791b68ac278fa9f3bf335c8d') in 0.036467 seconds 
========================================================================
Received Import Request.
  Time since last request: 0.000022 seconds.
  path: Assets/StarterAssets/Environment/Art/Models/Box_350x250x300_Mesh.fbx
  artifactKey: Guid(d2f0da3998423f44594868ffed55c3e6) Importer(815301076,1909f56bfc062723c751e8b465ee728b)
Start importing Assets/StarterAssets/Environment/Art/Models/Box_350x250x300_Mesh.fbx using Guid(d2f0da3998423f44594868ffed55c3e6) Importer(815301076,1909f56bfc062723c751e8b465ee728b)  -> (artifact id: 'fac6bb5a67ad0b04b77d61f075652c58') in 0.046020 seconds 
========================================================================
Received Import Request.
  Time since last request: 0.000029 seconds.
  path: Assets/Assets/spider.fbx
  artifactKey: Guid(2130619743221df4a8fb636457218d9f) Importer(815301076,1909f56bfc062723c751e8b465ee728b)
Start importing Assets/Assets/spider.fbx using Guid(2130619743221df4a8fb636457218d9f) Importer(815301076,1909f56bfc062723c751e8b465ee728b)  -> (artifact id: 'f6139d90dae1b07704a2a2e53e8d7f25') in 0.134769 seconds 
========================================================================
Received Import Request.
  Time since last request: 0.000028 seconds.
  path: Assets/MantisLODEditor/Demo/Models/banana.obj
  artifactKey: Guid(39f401796fd414041a0b479042f3dc6b) Importer(815301076,1909f56bfc062723c751e8b465ee728b)
Start importing Assets/MantisLODEditor/Demo/Models/banana.obj using Guid(39f401796fd414041a0b479042f3dc6b) Importer(815301076,1909f56bfc062723c751e8b465ee728b)  -> (artifact id: 'b408366dbf7717ff6e58b1eee7b521e2') in 0.033304 seconds 
========================================================================
Received Import Request.
  Time since last request: 0.000030 seconds.
  path: Packages/com.unity.animation.rigging/Editor/Shapes/BallEffector.asset
  artifactKey: Guid(e050c2b16fe384bd994474655a4b4968) Importer(815301076,1909f56bfc062723c751e8b465ee728b)
Start importing Packages/com.unity.animation.rigging/Editor/Shapes/BallEffector.asset using Guid(e050c2b16fe384bd994474655a4b4968) Importer(815301076,1909f56bfc062723c751e8b465ee728b)  -> (artifact id: 'c095866e2a7c164019bb60835662315e') in 0.020665 seconds 
========================================================================
Received Import Request.
  Time since last request: 0.629957 seconds.
  path: Packages/com.unity.animation.rigging/Editor/Shapes/BoxEffector.asset
  artifactKey: Guid(687b70eb9c49243639f9379f6965034f) Importer(815301076,1909f56bfc062723c751e8b465ee728b)
Start importing Packages/com.unity.animation.rigging/Editor/Shapes/BoxEffector.asset using Guid(687b70eb9c49243639f9379f6965034f) Importer(815301076,1909f56bfc062723c751e8b465ee728b)  -> (artifact id: '9fce6a8caf45f5c863b6fdd953ffd719') in 0.014701 seconds 
========================================================================
Received Import Request.
  Time since last request: 0.000021 seconds.
  path: Packages/com.unity.animation.rigging/Editor/Shapes/CircleEffector.asset
  artifactKey: Guid(b43e6ef97ee1b4e31be1a0187b9f4495) Importer(815301076,1909f56bfc062723c751e8b465ee728b)
Start importing Packages/com.unity.animation.rigging/Editor/Shapes/CircleEffector.asset using Guid(b43e6ef97ee1b4e31be1a0187b9f4495) Importer(815301076,1909f56bfc062723c751e8b465ee728b)  -> (artifact id: '1440fb4c411607bd7253f4bcb40bf827') in 0.016944 seconds 
========================================================================
Received Import Request.
  Time since last request: 1.028627 seconds.
  path: Assets/StarterAssets/Environment/Art/Models/Ground_Mesh.fbx
  artifactKey: Guid(aa38d7b0e367ecc4aac915dcfe957879) Importer(815301076,1909f56bfc062723c751e8b465ee728b)
Start importing Assets/StarterAssets/Environment/Art/Models/Ground_Mesh.fbx using Guid(aa38d7b0e367ecc4aac915dcfe957879) Importer(815301076,1909f56bfc062723c751e8b465ee728b)  -> (artifact id: '5809fe41f1f3559bcfee61291ab73297') in 0.029735 seconds 
========================================================================
Received Import Request.
  Time since last request: 0.000028 seconds.
  path: Assets/Assets/Sword.obj
  artifactKey: Guid(49e8285c76a5d0b42ac8033b25a79168) Importer(815301076,1909f56bfc062723c751e8b465ee728b)
Start importing Assets/Assets/Sword.obj using Guid(49e8285c76a5d0b42ac8033b25a79168) Importer(815301076,1909f56bfc062723c751e8b465ee728b)  -> (artifact id: 'c0adb4ad95e22808380d18be84c2da70') in 0.046068 seconds 
========================================================================
Received Import Request.
  Time since last request: 0.589360 seconds.
  path: Assets/Assets/Tree.obj
  artifactKey: Guid(ead855e5a6be26d46a2d35079c8bbe04) Importer(815301076,1909f56bfc062723c751e8b465ee728b)
Start importing Assets/Assets/Tree.obj using Guid(ead855e5a6be26d46a2d35079c8bbe04) Importer(815301076,1909f56bfc062723c751e8b465ee728b)  -> (artifact id: '7ad2aef16dcdb55fd6c0b66e8284b8c6') in 0.033456 seconds 
========================================================================
Received Import Request.
  Time since last request: 0.020872 seconds.
  path: Assets/Assets/Rock3.obj
  artifactKey: Guid(d4cb707cb5fc2d24ab0d11b387916f68) Importer(815301076,1909f56bfc062723c751e8b465ee728b)
Start importing Assets/Assets/Rock3.obj using Guid(d4cb707cb5fc2d24ab0d11b387916f68) Importer(815301076,1909f56bfc062723c751e8b465ee728b)  -> (artifact id: 'a8204364f312b6764999261d24a539c5') in 0.036233 seconds 
========================================================================
Received Import Request.
  Time since last request: 0.486452 seconds.
  path: Assets/Assets/Rock4.obj
  artifactKey: Guid(9ee58178ce97eaa41bdb0eb1c0d989b0) Importer(815301076,1909f56bfc062723c751e8b465ee728b)
Start importing Assets/Assets/Rock4.obj using Guid(9ee58178ce97eaa41bdb0eb1c0d989b0) Importer(815301076,1909f56bfc062723c751e8b465ee728b)  -> (artifact id: '4d5f6a87dd3f6397e7ed66ca914815e5') in 0.033193 seconds 
========================================================================
Received Import Request.
  Time since last request: 0.000020 seconds.
  path: Assets/Assets/Rock5.obj
  artifactKey: Guid(3c9627c2e362d214cbbb28092a221177) Importer(815301076,1909f56bfc062723c751e8b465ee728b)
Start importing Assets/Assets/Rock5.obj using Guid(3c9627c2e362d214cbbb28092a221177) Importer(815301076,1909f56bfc062723c751e8b465ee728b)  -> (artifact id: '91de92dc81fdec6130b507c0d1713a34') in 0.043174 seconds 
========================================================================
Received Import Request.
  Time since last request: 0.375397 seconds.
  path: Assets/Assets/Shield.obj
  artifactKey: Guid(272ae077b17802745852822856b0c2a6) Importer(815301076,1909f56bfc062723c751e8b465ee728b)
Start importing Assets/Assets/Shield.obj using Guid(272ae077b17802745852822856b0c2a6) Importer(815301076,1909f56bfc062723c751e8b465ee728b)  -> (artifact id: '5635e96111f5b010ed3a5ecbcf4a46fa') in 0.034924 seconds 
========================================================================
Received Import Request.
  Time since last request: 0.000026 seconds.
  path: Assets/Assets/Skeleton-0.obj
  artifactKey: Guid(dcb377f2a03fe734789307cf945736a0) Importer(815301076,1909f56bfc062723c751e8b465ee728b)
Start importing Assets/Assets/Skeleton-0.obj using Guid(dcb377f2a03fe734789307cf945736a0) Importer(815301076,1909f56bfc062723c751e8b465ee728b)  -> (artifact id: '8854660b70a297322abf90efbee18d19') in 0.040776 seconds 
========================================================================
Received Import Request.
  Time since last request: 5.763869 seconds.
  path: Assets/Assets/Apple.obj
  artifactKey: Guid(d6278d2d0ac56e845a3150b96f87c221) Importer(815301076,1909f56bfc062723c751e8b465ee728b)
Start importing Assets/Assets/Apple.obj using Guid(d6278d2d0ac56e845a3150b96f87c221) Importer(815301076,1909f56bfc062723c751e8b465ee728b)  -> (artifact id: '660373995e108b0009e9ff091da296fe') in 0.035526 seconds 
========================================================================
Received Import Request.
  Time since last request: 3.450692 seconds.
  path: Assets/Prefabs/GrassBlock.prefab
  artifactKey: Guid(a3e7aa651f5bf7b47b5a31dd82a1f333) Importer(815301076,1909f56bfc062723c751e8b465ee728b)
Start importing Assets/Prefabs/GrassBlock.prefab using Guid(a3e7aa651f5bf7b47b5a31dd82a1f333) Importer(815301076,1909f56bfc062723c751e8b465ee728b)  -> (artifact id: '004b506adbfe8a96974e679004d26337') in 0.032817 seconds 
========================================================================
Received Import Request.
  Time since last request: 1.505237 seconds.
  path: Assets/Assets/Skeleton-1.obj
  artifactKey: Guid(5de1c3474b9bdb64facb55844e74eaa5) Importer(815301076,1909f56bfc062723c751e8b465ee728b)
Start importing Assets/Assets/Skeleton-1.obj using Guid(5de1c3474b9bdb64facb55844e74eaa5) Importer(815301076,1909f56bfc062723c751e8b465ee728b)  -> (artifact id: 'd332a56fc107aee57b05944b54f7567b') in 0.034316 seconds 
========================================================================
Received Import Request.
  Time since last request: 0.033450 seconds.
  path: Assets/Assets/SmallGrass.obj
  artifactKey: Guid(c43c868115b36704c90710e2246fc825) Importer(815301076,1909f56bfc062723c751e8b465ee728b)
Start importing Assets/Assets/SmallGrass.obj using Guid(c43c868115b36704c90710e2246fc825) Importer(815301076,1909f56bfc062723c751e8b465ee728b)  -> (artifact id: 'abb9309403b1a94177892a58738ea4a5') in 0.045839 seconds 
========================================================================
Received Import Request.
  Time since last request: 0.000025 seconds.
  path: Assets/Assets/Start.obj
  artifactKey: Guid(b3152b5888b976e4bb8ee09988d5e5cb) Importer(815301076,1909f56bfc062723c751e8b465ee728b)
Start importing Assets/Assets/Start.obj using Guid(b3152b5888b976e4bb8ee09988d5e5cb) Importer(815301076,1909f56bfc062723c751e8b465ee728b)  -> (artifact id: '0dbe04735a5e9f92ce0e1ee91d50cc71') in 0.066736 seconds 
========================================================================
Received Import Request.
  Time since last request: 1.498881 seconds.
  path: Assets/Assets/Stump.obj
  artifactKey: Guid(c993ac45d20d47f4098330cdffbcb032) Importer(815301076,1909f56bfc062723c751e8b465ee728b)
Start importing Assets/Assets/Stump.obj using Guid(c993ac45d20d47f4098330cdffbcb032) Importer(815301076,1909f56bfc062723c751e8b465ee728b)  -> (artifact id: '337df6415a60912caee3c1d98ce35c40') in 0.032857 seconds 
========================================================================
Received Import Request.
  Time since last request: 0.929054 seconds.
  path: Assets/Prefabs/GrassBlock.prefab
  artifactKey: Guid(a3e7aa651f5bf7b47b5a31dd82a1f333) Importer(815301076,1909f56bfc062723c751e8b465ee728b)
Start importing Assets/Prefabs/GrassBlock.prefab using Guid(a3e7aa651f5bf7b47b5a31dd82a1f333) Importer(815301076,1909f56bfc062723c751e8b465ee728b)  -> (artifact id: '348c41e568b4d3a0252b49aed616839d') in 0.021122 seconds 
========================================================================
Received Import Request.
  Time since last request: 0.427321 seconds.
  path: Assets/Assets/Target.obj
  artifactKey: Guid(cacc822426161bc4995a96c0edb75a49) Importer(815301076,1909f56bfc062723c751e8b465ee728b)
Start importing Assets/Assets/Target.obj using Guid(cacc822426161bc4995a96c0edb75a49) Importer(815301076,1909f56bfc062723c751e8b465ee728b)  -> (artifact id: 'ff8960544b65343e939b9a3e6e3bace0') in 0.036265 seconds 
========================================================================
Received Import Request.
  Time since last request: 0.000027 seconds.
  path: Assets/Assets/Torch.obj
  artifactKey: Guid(6c64ceb20a9ef384f9ed72c76b9119d0) Importer(815301076,1909f56bfc062723c751e8b465ee728b)
Start importing Assets/Assets/Torch.obj using Guid(6c64ceb20a9ef384f9ed72c76b9119d0) Importer(815301076,1909f56bfc062723c751e8b465ee728b)  -> (artifact id: 'eb0efdf83a6b42dc2bbae9266f30fcc8') in 0.039863 seconds 
========================================================================
Received Import Request.
  Time since last request: 0.631085 seconds.
  path: Assets/Assets/Tower.obj
  artifactKey: Guid(b17f27bd4c04c25469652f80483663f6) Importer(815301076,1909f56bfc062723c751e8b465ee728b)
Start importing Assets/Assets/Tower.obj using Guid(b17f27bd4c04c25469652f80483663f6) Importer(815301076,1909f56bfc062723c751e8b465ee728b)  -> (artifact id: '01b2110ff03fba884f481efbeecdebd4') in 0.038058 seconds 
========================================================================
Received Import Request.
  Time since last request: 1.066997 seconds.
  path: Assets/Assets/Archer/Archer.obj
  artifactKey: Guid(66422353e87dc1f4898e19b0ddf1f13f) Importer(815301076,1909f56bfc062723c751e8b465ee728b)
Start importing Assets/Assets/Archer/Archer.obj using Guid(66422353e87dc1f4898e19b0ddf1f13f) Importer(815301076,1909f56bfc062723c751e8b465ee728b)  -> (artifact id: '2d05f5597937874e39b32d11dcfa561f') in 0.035099 seconds 
========================================================================
Received Import Request.
  Time since last request: 0.333541 seconds.
  path: Assets/Assets/Arrow.obj
  artifactKey: Guid(e4fa74cb2f8667f41abfcb9db5ea24da) Importer(815301076,1909f56bfc062723c751e8b465ee728b)
Start importing Assets/Assets/Arrow.obj using Guid(e4fa74cb2f8667f41abfcb9db5ea24da) Importer(815301076,1909f56bfc062723c751e8b465ee728b)  -> (artifact id: '173bef9aba4eca670ece50718620794e') in 0.029002 seconds 
========================================================================
Received Import Request.
  Time since last request: 0.000025 seconds.
  path: Assets/Assets/Bow.obj
  artifactKey: Guid(d9588a66583fa8246ba79eb8dd25da30) Importer(815301076,1909f56bfc062723c751e8b465ee728b)
Start importing Assets/Assets/Bow.obj using Guid(d9588a66583fa8246ba79eb8dd25da30) Importer(815301076,1909f56bfc062723c751e8b465ee728b)  -> (artifact id: 'aa67f0de54d82ee47033d35974cd0ae1') in 0.041441 seconds 
========================================================================
Received Import Request.
  Time since last request: 1.073220 seconds.
  path: Assets/Prefabs/GrassBlock.prefab
  artifactKey: Guid(a3e7aa651f5bf7b47b5a31dd82a1f333) Importer(815301076,1909f56bfc062723c751e8b465ee728b)
Start importing Assets/Prefabs/GrassBlock.prefab using Guid(a3e7aa651f5bf7b47b5a31dd82a1f333) Importer(815301076,1909f56bfc062723c751e8b465ee728b)  -> (artifact id: '9ae96042de025f1010123f6522a871ca') in 0.019845 seconds 
========================================================================
Received Import Request.
  Time since last request: 0.279978 seconds.
  path: Assets/Assets/BowFull.obj
  artifactKey: Guid(03b3d3022d75d6e4c9938bcba8180eee) Importer(815301076,1909f56bfc062723c751e8b465ee728b)
Start importing Assets/Assets/BowFull.obj using Guid(03b3d3022d75d6e4c9938bcba8180eee) Importer(815301076,1909f56bfc062723c751e8b465ee728b)  -> (artifact id: '9c105d3a6a24ac97db0b2954fba81b87') in 0.039378 seconds 
========================================================================
Received Import Request.
  Time since last request: 4.292170 seconds.
  path: Assets/Prefabs/GrassBlock.prefab
  artifactKey: Guid(a3e7aa651f5bf7b47b5a31dd82a1f333) Importer(815301076,1909f56bfc062723c751e8b465ee728b)
Start importing Assets/Prefabs/GrassBlock.prefab using Guid(a3e7aa651f5bf7b47b5a31dd82a1f333) Importer(815301076,1909f56bfc062723c751e8b465ee728b)  -> (artifact id: '263c880ef8596af834eec9a4c03176cd') in 0.022144 seconds 
========================================================================
Received Import Request.
  Time since last request: 1.716323 seconds.
  path: Assets/Models/Star.obj
  artifactKey: Guid(8db4ba6e943decb4e89a4f31a5279547) Importer(815301076,1909f56bfc062723c751e8b465ee728b)
Start importing Assets/Models/Star.obj using Guid(8db4ba6e943decb4e89a4f31a5279547) Importer(815301076,1909f56bfc062723c751e8b465ee728b)  -> (artifact id: '76ac27fdf84c8a7b64f07758391c9190') in 0.033360 seconds 
========================================================================
Received Import Request.
  Time since last request: 1.641432 seconds.
  path: Assets/Prefabs/GrassBlock.prefab
  artifactKey: Guid(a3e7aa651f5bf7b47b5a31dd82a1f333) Importer(815301076,1909f56bfc062723c751e8b465ee728b)
Start importing Assets/Prefabs/GrassBlock.prefab using Guid(a3e7aa651f5bf7b47b5a31dd82a1f333) Importer(815301076,1909f56bfc062723c751e8b465ee728b)  -> (artifact id: '1aab8fe6c612ab31463063068687e692') in 0.020985 seconds 
========================================================================
Received Import Request.
  Time since last request: 52.199768 seconds.
  path: Assets/Prefabs/GrassBlock.prefab
  artifactKey: Guid(a3e7aa651f5bf7b47b5a31dd82a1f333) Importer(815301076,1909f56bfc062723c751e8b465ee728b)
Start importing Assets/Prefabs/GrassBlock.prefab using Guid(a3e7aa651f5bf7b47b5a31dd82a1f333) Importer(815301076,1909f56bfc062723c751e8b465ee728b)  -> (artifact id: '3a94080ebfbe5c847563197fb7f05159') in 0.025220 seconds 
========================================================================
Received Import Request.
  Time since last request: 146.558422 seconds.
  path: Assets/Models
  artifactKey: Guid(8f22bace9ae4e924eb337fb86904c3a0) Importer(815301076,1909f56bfc062723c751e8b465ee728b)
Start importing Assets/Models using Guid(8f22bace9ae4e924eb337fb86904c3a0) Importer(815301076,1909f56bfc062723c751e8b465ee728b)  -> (artifact id: '12581381941c4b05304f3773f47d6ba5') in 0.008287 seconds 
========================================================================
Received Import Request.
  Time since last request: 0.060345 seconds.
  path: Assets/Models/default_Progressive_Mesh.asset
  artifactKey: Guid(2c0deb2542bf6ae46bfbec97672744c3) Importer(815301076,1909f56bfc062723c751e8b465ee728b)
Start importing Assets/Models/default_Progressive_Mesh.asset using Guid(2c0deb2542bf6ae46bfbec97672744c3) Importer(815301076,1909f56bfc062723c751e8b465ee728b)  -> (artifact id: '124465397dce4c20a62d0ea84219815a') in 0.017990 seconds 
========================================================================
Received Import Request.
  Time since last request: 39.925686 seconds.
  path: Assets/Models/default(Clone)_Quality_0.asset
  artifactKey: Guid(e10408aa31db0444880f2977eb7be5c9) Importer(815301076,1909f56bfc062723c751e8b465ee728b)
Start importing Assets/Models/default(Clone)_Quality_0.asset using Guid(e10408aa31db0444880f2977eb7be5c9) Importer(815301076,1909f56bfc062723c751e8b465ee728b)  -> (artifact id: '838b1a89076434f5bf1078d2be9c74b1') in 0.024194 seconds 
========================================================================
Received Import Request.
  Time since last request: 26.542215 seconds.
  path: Assets/StarterAssets/Environment/Art/Models/Stairs_650_400_300_Mesh.fbx
  artifactKey: Guid(7e0223e1d3e1733499accfa5ebffb67e) Importer(815301076,1909f56bfc062723c751e8b465ee728b)
Start importing Assets/StarterAssets/Environment/Art/Models/Stairs_650_400_300_Mesh.fbx using Guid(7e0223e1d3e1733499accfa5ebffb67e) Importer(815301076,1909f56bfc062723c751e8b465ee728b)  -> (artifact id: 'f1bd9091f4d0e85fe489f35b8b5f5732') in 0.048139 seconds 
========================================================================
Received Import Request.
  Time since last request: 0.000022 seconds.
  path: Assets/MantisLODEditor/Demo/Models/Materials/Box03Mat.mat
  artifactKey: Guid(69ac76f47ef92db4fac7968ff6c85230) Importer(815301076,1909f56bfc062723c751e8b465ee728b)
Start importing Assets/MantisLODEditor/Demo/Models/Materials/Box03Mat.mat using Guid(69ac76f47ef92db4fac7968ff6c85230) Importer(815301076,1909f56bfc062723c751e8b465ee728b)  -> (artifact id: '87f8debe7edc01c629ac441b033e41df') in 0.015770 seconds 
========================================================================
Received Import Request.
  Time since last request: 0.000023 seconds.
  path: Assets/StarterAssets/Environment/Art/Models/Ramp_Mesh.fbx
  artifactKey: Guid(426a2785f8a940049aac2c246661cf09) Importer(815301076,1909f56bfc062723c751e8b465ee728b)
Start importing Assets/StarterAssets/Environment/Art/Models/Ramp_Mesh.fbx using Guid(426a2785f8a940049aac2c246661cf09) Importer(815301076,1909f56bfc062723c751e8b465ee728b)  -> (artifact id: '065533e40da9ce78c442ae7402f3363b') in 0.029911 seconds 
========================================================================
Received Import Request.
  Time since last request: 0.000034 seconds.
  path: Assets/StarterAssets/Environment/Art/Models/Stairs_200x100x200_Mesh.fbx
  artifactKey: Guid(fce3bf5a5b603db45ab0048fb6ab44df) Importer(815301076,1909f56bfc062723c751e8b465ee728b)
Start importing Assets/StarterAssets/Environment/Art/Models/Stairs_200x100x200_Mesh.fbx using Guid(fce3bf5a5b603db45ab0048fb6ab44df) Importer(815301076,1909f56bfc062723c751e8b465ee728b)  -> (artifact id: '2698f803c8460d33d6dba11c5b8c967a') in 0.040376 seconds 
========================================================================
Received Import Request.
  Time since last request: 0.000023 seconds.
  path: Assets/StarterAssets/Environment/Art/Materials/Blue_Mat.mat
  artifactKey: Guid(979aef027a1c86c42a15ce35fce366fa) Importer(815301076,1909f56bfc062723c751e8b465ee728b)
Start importing Assets/StarterAssets/Environment/Art/Materials/Blue_Mat.mat using Guid(979aef027a1c86c42a15ce35fce366fa) Importer(815301076,1909f56bfc062723c751e8b465ee728b)  -> (artifact id: 'd66e006928110ee7043bb8934615b4d4') in 0.019434 seconds 
========================================================================
Received Import Request.
  Time since last request: 0.000025 seconds.
  path: Assets/MantisLODEditor/Demo/Models/Materials/banana.mat
  artifactKey: Guid(ef03593326d68574fa6845f6e94560a2) Importer(815301076,1909f56bfc062723c751e8b465ee728b)
Start importing Assets/MantisLODEditor/Demo/Models/Materials/banana.mat using Guid(ef03593326d68574fa6845f6e94560a2) Importer(815301076,1909f56bfc062723c751e8b465ee728b)  -> (artifact id: '6139d944775e3722a9f110343cfd87ec') in 0.016091 seconds 
========================================================================
Received Import Request.
  Time since last request: 0.000031 seconds.
  path: Assets/StarterAssets/Environment/Art/Materials/Builtin_RP/BuiltInTriplanar_01_Mat.mat
  artifactKey: Guid(3300a5c4710bac244815734e484b3b90) Importer(815301076,1909f56bfc062723c751e8b465ee728b)
Start importing Assets/StarterAssets/Environment/Art/Materials/Builtin_RP/BuiltInTriplanar_01_Mat.mat using Guid(3300a5c4710bac244815734e484b3b90) Importer(815301076,1909f56bfc062723c751e8b465ee728b)  -> (artifact id: 'a60bb25054034054c2be2ce0c85493e4') in 0.033780 seconds 
========================================================================
Received Import Request.
  Time since last request: 1.427541 seconds.
  path: Assets/StarterAssets/Environment/Art/Materials/GreyBlue_Mat.mat
  artifactKey: Guid(6b911390c5825014e8377183a7837d3f) Importer(815301076,1909f56bfc062723c751e8b465ee728b)
Start importing Assets/StarterAssets/Environment/Art/Materials/GreyBlue_Mat.mat using Guid(6b911390c5825014e8377183a7837d3f) Importer(815301076,1909f56bfc062723c751e8b465ee728b)  -> (artifact id: 'd978ec8a43ac4e9635fb487d73930bd0') in 0.743499 seconds 
========================================================================
Received Import Request.
  Time since last request: 0.000026 seconds.
  path: Assets/StarterAssets/Environment/Art/Materials/GridOrange_01_Mat.mat
  artifactKey: Guid(7ab977a21c92388468ee65ad1c0e5a78) Importer(815301076,1909f56bfc062723c751e8b465ee728b)
Start importing Assets/StarterAssets/Environment/Art/Materials/GridOrange_01_Mat.mat using Guid(7ab977a21c92388468ee65ad1c0e5a78) Importer(815301076,1909f56bfc062723c751e8b465ee728b)  -> (artifact id: 'c324d2d4873d5ab9f0fd2d3c5d233df9') in 0.849820 seconds 
========================================================================
Received Import Request.
  Time since last request: 0.000028 seconds.
  path: Assets/StarterAssets/Environment/Art/Materials/GridBlue_01_Mat.mat
  artifactKey: Guid(ff188f58422043f489060e28a5e4e0c0) Importer(815301076,1909f56bfc062723c751e8b465ee728b)
Start importing Assets/StarterAssets/Environment/Art/Materials/GridBlue_01_Mat.mat using Guid(ff188f58422043f489060e28a5e4e0c0) Importer(815301076,1909f56bfc062723c751e8b465ee728b)  -> (artifact id: '642053e6c162ef3943c6bdb8e6f91fd7') in 0.723564 seconds 
========================================================================
Received Import Request.
  Time since last request: 0.000023 seconds.
  path: Assets/StarterAssets/Environment/Art/Materials/URP_HDRP_ShaderGraph/ShaderGraphGrid_01_Mat.mat
  artifactKey: Guid(4589b87b8508f6e48b8fddb385924b16) Importer(815301076,1909f56bfc062723c751e8b465ee728b)
Start importing Assets/StarterAssets/Environment/Art/Materials/URP_HDRP_ShaderGraph/ShaderGraphGrid_01_Mat.mat using Guid(4589b87b8508f6e48b8fddb385924b16) Importer(815301076,1909f56bfc062723c751e8b465ee728b)  -> (artifact id: '88190622837813d1379c99af2c235533') in 0.020166 seconds 
========================================================================
Received Import Request.
  Time since last request: 0.000029 seconds.
  path: Assets/StarterAssets/Environment/Art/Models/Structure_Mesh.fbx
  artifactKey: Guid(d0a9bfb4b5f28174884e89dd76563ae8) Importer(815301076,1909f56bfc062723c751e8b465ee728b)
Start importing Assets/StarterAssets/Environment/Art/Models/Structure_Mesh.fbx using Guid(d0a9bfb4b5f28174884e89dd76563ae8) Importer(815301076,1909f56bfc062723c751e8b465ee728b)  -> (artifact id: '205c7ff9fd25f9f1be1f64159fd7d5a8') in 0.047987 seconds 
========================================================================
Received Import Request.
  Time since last request: 49.327326 seconds.
  path: Assets/Fonts/MedievalSharp-Regular.ttf
  artifactKey: Guid(207d140dc1e7fd448affe83bf48ea728) Importer(815301076,1909f56bfc062723c751e8b465ee728b)
Start importing Assets/Fonts/MedievalSharp-Regular.ttf using Guid(207d140dc1e7fd448affe83bf48ea728) Importer(815301076,1909f56bfc062723c751e8b465ee728b)  -> (artifact id: 'affc5770ec442cc4cc13ca51a67f01e2') in 0.055772 seconds 
========================================================================
Received Import Request.
  Time since last request: 0.448740 seconds.
  path: Packages/com.unity.mobile.android-logcat/Editor/Fonts/consola.ttf
  artifactKey: Guid(b8af58820f69b474e8f63dc40a702fbc) Importer(815301076,1909f56bfc062723c751e8b465ee728b)
Start importing Packages/com.unity.mobile.android-logcat/Editor/Fonts/consola.ttf using Guid(b8af58820f69b474e8f63dc40a702fbc) Importer(815301076,1909f56bfc062723c751e8b465ee728b)  -> (artifact id: '1015fd1d4e8bf77aa5ad92ab4449ce4f') in 0.025757 seconds 
========================================================================
Received Import Request.
  Time since last request: 0.807203 seconds.
  path: Assets/TextMesh Pro/Fonts/LiberationSans.ttf
  artifactKey: Guid(e3265ab4bf004d28a9537516768c1c75) Importer(815301076,1909f56bfc062723c751e8b465ee728b)
Start importing Assets/TextMesh Pro/Fonts/LiberationSans.ttf using Guid(e3265ab4bf004d28a9537516768c1c75) Importer(815301076,1909f56bfc062723c751e8b465ee728b)  -> (artifact id: '41f20285f41b5a258e99f260269574e5') in 0.038498 seconds 
========================================================================
Received Import Request.
  Time since last request: 2.539144 seconds.
  path: Assets/StarterAssets/Environment/Art/Models/Wall_Mesh.fbx
  artifactKey: Guid(ff02a0a00ab750f48b09459b1cafd1b8) Importer(815301076,1909f56bfc062723c751e8b465ee728b)
Start importing Assets/StarterAssets/Environment/Art/Models/Wall_Mesh.fbx using Guid(ff02a0a00ab750f48b09459b1cafd1b8) Importer(815301076,1909f56bfc062723c751e8b465ee728b)  -> (artifact id: 'd553fb617b1b88aff07391687bff0c73') in 0.024604 seconds 
========================================================================
Received Import Request.
  Time since last request: 2.061309 seconds.
  path: Assets/StarterAssets/Environment/Art/Materials/GridWhite_01_Mat.mat
  artifactKey: Guid(dbf898c9f9c4a2d46aa6336e23caeb61) Importer(815301076,1909f56bfc062723c751e8b465ee728b)
Start importing Assets/StarterAssets/Environment/Art/Materials/GridWhite_01_Mat.mat using Guid(dbf898c9f9c4a2d46aa6336e23caeb61) Importer(815301076,1909f56bfc062723c751e8b465ee728b)  -> (artifact id: '5d7d95ea9195ee97fbd498d06799c7e1') in 0.020164 seconds 
========================================================================
Received Import Request.
  Time since last request: 118.071162 seconds.
  path: Assets/Assets/Materials
  artifactKey: Guid(3a542631f100fa84c8142a7c960aaa2f) Importer(815301076,1909f56bfc062723c751e8b465ee728b)
Start importing Assets/Assets/Materials using Guid(3a542631f100fa84c8142a7c960aaa2f) Importer(815301076,1909f56bfc062723c751e8b465ee728b)  -> (artifact id: '0b405d206d01404cab5b528ee50d221c') in 0.007796 seconds 
========================================================================
Received Import Request.
  Time since last request: 9.594129 seconds.
  path: Assets/Assets/Materials/Grass.mat
  artifactKey: Guid(099992b7ea0c887498d17e0a38d021c4) Importer(815301076,1909f56bfc062723c751e8b465ee728b)
Start importing Assets/Assets/Materials/Grass.mat using Guid(099992b7ea0c887498d17e0a38d021c4) Importer(815301076,1909f56bfc062723c751e8b465ee728b)  -> (artifact id: '2c856c7121b63045eab311f0c8219b86') in 0.031484 seconds 
========================================================================
Received Import Request.
  Time since last request: 0.000024 seconds.
  path: Assets/Assets/Materials/palette 2.mat
  artifactKey: Guid(ff4020a28cac8694a9d628321db4fa33) Importer(815301076,1909f56bfc062723c751e8b465ee728b)
Start importing Assets/Assets/Materials/palette 2.mat using Guid(ff4020a28cac8694a9d628321db4fa33) Importer(815301076,1909f56bfc062723c751e8b465ee728b)  -> (artifact id: '8a4ef4e382cbe6ed34e1c55351439839') in 0.022047 seconds 
========================================================================
Received Import Request.
  Time since last request: 95.161573 seconds.
  path: Assets/Assets
  artifactKey: Guid(157653eb5d7e3fb40945dfa8617f23cf) Importer(815301076,1909f56bfc062723c751e8b465ee728b)
Start importing Assets/Assets using Guid(157653eb5d7e3fb40945dfa8617f23cf) Importer(815301076,1909f56bfc062723c751e8b465ee728b)  -> (artifact id: '4598c9aa64852b598908f25095c959bb') in 0.008190 seconds 
========================================================================
Received Prepare
Registering precompiled user dll's ...
Registered in 0.011636 seconds.
Begin MonoManager ReloadAssembly
Native extension for UWP target not found
Native extension for WindowsStandalone target not found
Native extension for Android target not found
Native extension for WebGL target not found
Refreshing native plugins compatible for Editor in 1.24 ms, found 5 plugins.
Preloading 0 native plugins for Editor in 0.00 ms.
Mono: successfully reloaded assembly
- Completed reload, in  1.372 seconds
Domain Reload Profiling:
	ReloadAssembly (1373ms)
		BeginReloadAssembly (148ms)
			ExecutionOrderSort (0ms)
			DisableScriptedObjects (7ms)
			BackupInstance (0ms)
			ReleaseScriptingObjects (0ms)
			CreateAndSetChildDomain (44ms)
		EndReloadAssembly (1120ms)
			LoadAssemblies (92ms)
			RebuildTransferFunctionScriptingTraits (0ms)
			SetupTypeCache (276ms)
			ReleaseScriptCaches (2ms)
			RebuildScriptCaches (56ms)
			SetupLoadedEditorAssemblies (604ms)
				LogAssemblyErrors (0ms)
				InitializePlatformSupportModulesInManaged (24ms)
				SetLoadedEditorAssemblies (0ms)
				RefreshPlugins (1ms)
				BeforeProcessingInitializeOnLoad (109ms)
				ProcessInitializeOnLoadAttributes (386ms)
				ProcessInitializeOnLoadMethodAttributes (75ms)
				AfterProcessingInitializeOnLoad (9ms)
				EditorAssembliesLoaded (0ms)
			ExecutionOrderSort2 (0ms)
			AwakeInstancesAfterBackupRestoration (17ms)
Platform modules already initialized, skipping
Refreshing native plugins compatible for Editor in 5.70 ms, found 5 plugins.
Preloading 0 native plugins for Editor in 0.00 ms.
Unloading 5632 Unused Serialized files (Serialized files now loaded: 0)
Unloading 63 unused Assets / (0.8 MB). Loaded Objects now: 6396.
Memory consumption went from 239.9 MB to 239.1 MB.
Total: 4.013900 ms (FindLiveObjects: 0.422600 ms CreateObjectMapping: 0.379200 ms MarkObjects: 2.865900 ms  DeleteObjects: 0.345300 ms)

AssetImportParameters requested are different than current active one (requested -> active):
  custom:video-decoder-ogg-theora: a1e56fd34408186e4bbccfd4996cb3dc -> 
  custom:container-muxer-webm: aa71ff27fc2769a1b78a27578f13a17b -> 
  custom:container-demuxer-webm: 4f35f7cbe854078d1ac9338744f61a02 -> 
  custom:video-encoder-webm-vp8: eb34c28f22e8b96e1ab97ce403110664 -> 
  custom:audio-encoder-webm-vorbis: bf7c407c2cedff20999df2af8eb42d56 -> 
  custom:framework-win-MediaFoundation: 216162199b28c13a410421893ffa2e32 -> 
  custom:container-demuxer-ogg: 62fdf1f143b41e24485cea50d1cbac27 -> 
  custom:video-decoder-webm-vp8: 9c59270c3fd7afecdb556c50c9e8de78 -> 
  custom:audio-decoder-ogg-vorbis: bf7c407c2cedff20999df2af8eb42d56 -> 
========================================================================
Received Prepare
Registering precompiled user dll's ...
Registered in 0.016529 seconds.
Begin MonoManager ReloadAssembly
Native extension for UWP target not found
Native extension for WindowsStandalone target not found
Native extension for Android target not found
Native extension for WebGL target not found
Refreshing native plugins compatible for Editor in 1.86 ms, found 5 plugins.
Preloading 0 native plugins for Editor in 0.00 ms.
Mono: successfully reloaded assembly
- Completed reload, in  1.381 seconds
Domain Reload Profiling:
	ReloadAssembly (1382ms)
		BeginReloadAssembly (145ms)
			ExecutionOrderSort (0ms)
			DisableScriptedObjects (5ms)
			BackupInstance (0ms)
			ReleaseScriptingObjects (0ms)
			CreateAndSetChildDomain (39ms)
		EndReloadAssembly (1130ms)
			LoadAssemblies (99ms)
			RebuildTransferFunctionScriptingTraits (0ms)
			SetupTypeCache (267ms)
			ReleaseScriptCaches (2ms)
			RebuildScriptCaches (53ms)
			SetupLoadedEditorAssemblies (619ms)
				LogAssemblyErrors (0ms)
				InitializePlatformSupportModulesInManaged (25ms)
				SetLoadedEditorAssemblies (1ms)
				RefreshPlugins (2ms)
				BeforeProcessingInitializeOnLoad (103ms)
				ProcessInitializeOnLoadAttributes (397ms)
				ProcessInitializeOnLoadMethodAttributes (83ms)
				AfterProcessingInitializeOnLoad (9ms)
				EditorAssembliesLoaded (0ms)
			ExecutionOrderSort2 (0ms)
			AwakeInstancesAfterBackupRestoration (22ms)
Platform modules already initialized, skipping
Refreshing native plugins compatible for Editor in 5.80 ms, found 5 plugins.
Preloading 0 native plugins for Editor in 0.00 ms.
Unloading 5633 Unused Serialized files (Serialized files now loaded: 0)
Unloading 63 unused Assets / (0.8 MB). Loaded Objects now: 6412.
Memory consumption went from 240.0 MB to 239.2 MB.
Total: 4.151200 ms (FindLiveObjects: 0.425400 ms CreateObjectMapping: 0.395600 ms MarkObjects: 2.979300 ms  DeleteObjects: 0.349900 ms)

AssetImportParameters requested are different than current active one (requested -> active):
  custom:video-decoder-ogg-theora: a1e56fd34408186e4bbccfd4996cb3dc -> 
  custom:container-muxer-webm: aa71ff27fc2769a1b78a27578f13a17b -> 
  custom:container-demuxer-webm: 4f35f7cbe854078d1ac9338744f61a02 -> 
  custom:video-encoder-webm-vp8: eb34c28f22e8b96e1ab97ce403110664 -> 
  custom:audio-encoder-webm-vorbis: bf7c407c2cedff20999df2af8eb42d56 -> 
  custom:framework-win-MediaFoundation: 216162199b28c13a410421893ffa2e32 -> 
  custom:container-demuxer-ogg: 62fdf1f143b41e24485cea50d1cbac27 -> 
  custom:video-decoder-webm-vp8: 9c59270c3fd7afecdb556c50c9e8de78 -> 
  custom:audio-decoder-ogg-vorbis: bf7c407c2cedff20999df2af8eb42d56 -> 
========================================================================
Received Import Request.
  Time since last request: 1512.512266 seconds.
  path: Assets/Assets/Skeleton.fbx
  artifactKey: Guid(760fc103a3c15274fbfd44d51489984b) Importer(815301076,1909f56bfc062723c751e8b465ee728b)
Start importing Assets/Assets/Skeleton.fbx using Guid(760fc103a3c15274fbfd44d51489984b) Importer(815301076,1909f56bfc062723c751e8b465ee728b)  -> (artifact id: '8d493329db288c98a444a9f3d3f0ff6b') in 0.289734 seconds 
========================================================================
Received Import Request.
  Time since last request: 4.967846 seconds.
  path: Assets/Assets/GrassBlock.fbx
  artifactKey: Guid(b42b753c03716cc41a5055eb2d21232f) Importer(815301076,1909f56bfc062723c751e8b465ee728b)
Start importing Assets/Assets/GrassBlock.fbx using Guid(b42b753c03716cc41a5055eb2d21232f) Importer(815301076,1909f56bfc062723c751e8b465ee728b)  -> (artifact id: '9376186197d615f7e2324c2175ceeb51') in 0.033749 seconds 
========================================================================
Received Import Request.
  Time since last request: 32.943292 seconds.
  path: Assets/Assets/GrassBlock.fbx
  artifactKey: Guid(b42b753c03716cc41a5055eb2d21232f) Importer(815301076,1909f56bfc062723c751e8b465ee728b)
Start importing Assets/Assets/GrassBlock.fbx using Guid(b42b753c03716cc41a5055eb2d21232f) Importer(815301076,1909f56bfc062723c751e8b465ee728b)  -> (artifact id: '55385769efdc18333066747bb0d3c57f') in 0.070798 seconds 
========================================================================
Received Import Request.
  Time since last request: 32.980874 seconds.
  path: Assets/Assets/GrassBlock.fbx
  artifactKey: Guid(b42b753c03716cc41a5055eb2d21232f) Importer(815301076,1909f56bfc062723c751e8b465ee728b)
Start importing Assets/Assets/GrassBlock.fbx using Guid(b42b753c03716cc41a5055eb2d21232f) Importer(815301076,1909f56bfc062723c751e8b465ee728b)  -> (artifact id: '1ca713e84942ab75ea3bf40bd5170b88') in 0.073704 seconds 
========================================================================
Received Import Request.
  Time since last request: 8.092073 seconds.
  path: Assets/Assets/GrassBlock.fbx
  artifactKey: Guid(b42b753c03716cc41a5055eb2d21232f) Importer(815301076,1909f56bfc062723c751e8b465ee728b)
Start importing Assets/Assets/GrassBlock.fbx using Guid(b42b753c03716cc41a5055eb2d21232f) Importer(815301076,1909f56bfc062723c751e8b465ee728b)  -> (artifact id: '44ca362e1cc4b055c48e43812e40d390') in 0.035565 seconds 
========================================================================
Received Import Request.
  Time since last request: 20.690929 seconds.
  path: Assets/Assets/Materials/Grass.mat
  artifactKey: Guid(099992b7ea0c887498d17e0a38d021c4) Importer(815301076,1909f56bfc062723c751e8b465ee728b)
Start importing Assets/Assets/Materials/Grass.mat using Guid(099992b7ea0c887498d17e0a38d021c4) Importer(815301076,1909f56bfc062723c751e8b465ee728b)  -> (artifact id: '4d443b4bfaadc2212d85ad75499dbb41') in 0.030991 seconds 
========================================================================
Received Import Request.
  Time since last request: 0.000023 seconds.
  path: Assets/Assets/Materials/UntitledCleanedMaterial.mat
  artifactKey: Guid(da7ba0320b52fe8488c243d3cba60893) Importer(815301076,1909f56bfc062723c751e8b465ee728b)
Start importing Assets/Assets/Materials/UntitledCleanedMaterial.mat using Guid(da7ba0320b52fe8488c243d3cba60893) Importer(815301076,1909f56bfc062723c751e8b465ee728b)  -> (artifact id: 'd35676ebb80b6058716065da3d98a7bc') in 0.013413 seconds 
========================================================================
Received Import Request.
  Time since last request: 24.137347 seconds.
  path: Assets/Assets/GrassBlock.fbx
  artifactKey: Guid(b42b753c03716cc41a5055eb2d21232f) Importer(815301076,1909f56bfc062723c751e8b465ee728b)
Start importing Assets/Assets/GrassBlock.fbx using Guid(b42b753c03716cc41a5055eb2d21232f) Importer(815301076,1909f56bfc062723c751e8b465ee728b)  -> (artifact id: '2b4f7106ff92b52e1ad0a063946384e0') in 0.081773 seconds 
========================================================================
Received Import Request.
  Time since last request: 3.378090 seconds.
  path: Assets/Assets/GrassBlock.fbx
  artifactKey: Guid(b42b753c03716cc41a5055eb2d21232f) Importer(815301076,1909f56bfc062723c751e8b465ee728b)
Start importing Assets/Assets/GrassBlock.fbx using Guid(b42b753c03716cc41a5055eb2d21232f) Importer(815301076,1909f56bfc062723c751e8b465ee728b)  -> (artifact id: 'ca65ff6a9703817dba29a11768d49c0a') in 0.025846 seconds 
========================================================================
Received Import Request.
  Time since last request: 94.393721 seconds.
  path: Assets/Assets/Materials/GrassBlockTex.png
  artifactKey: Guid(45bf1763d4cb9ba4998f6cf2d4540737) Importer(815301076,1909f56bfc062723c751e8b465ee728b)
Start importing Assets/Assets/Materials/GrassBlockTex.png using Guid(45bf1763d4cb9ba4998f6cf2d4540737) Importer(815301076,1909f56bfc062723c751e8b465ee728b)  -> (artifact id: 'f1be3191504baf2c5b35cbaf402d2152') in 0.064126 seconds 
========================================================================
Received Import Request.
  Time since last request: 11.025983 seconds.
  path: Assets/Assets/Materials/GrassBlock 1.mat
  artifactKey: Guid(3281f7a7acf39894898f9fd364c25b08) Importer(815301076,1909f56bfc062723c751e8b465ee728b)
Start importing Assets/Assets/Materials/GrassBlock 1.mat using Guid(3281f7a7acf39894898f9fd364c25b08) Importer(815301076,1909f56bfc062723c751e8b465ee728b)  -> (artifact id: '34761ac10da7410aa834ac2a241f38a5') in 0.034189 seconds 
========================================================================
Received Import Request.
  Time since last request: 23.247910 seconds.
  path: Assets/Assets/GrassBlock.fbx
  artifactKey: Guid(b42b753c03716cc41a5055eb2d21232f) Importer(815301076,1909f56bfc062723c751e8b465ee728b)
Start importing Assets/Assets/GrassBlock.fbx using Guid(b42b753c03716cc41a5055eb2d21232f) Importer(815301076,1909f56bfc062723c751e8b465ee728b)  -> (artifact id: 'b39984b844b434480711a4419bc2c3a3') in 0.019560 seconds 
========================================================================
Received Import Request.
  Time since last request: 48.495161 seconds.
  path: Assets/Prefabs/GrassBlock.prefab
  artifactKey: Guid(a3e7aa651f5bf7b47b5a31dd82a1f333) Importer(815301076,1909f56bfc062723c751e8b465ee728b)
Start importing Assets/Prefabs/GrassBlock.prefab using Guid(a3e7aa651f5bf7b47b5a31dd82a1f333) Importer(815301076,1909f56bfc062723c751e8b465ee728b)  -> (artifact id: 'c5596473d105e9585d7bd65a5ce93a35') in 0.014751 seconds 
========================================================================
Received Import Request.
  Time since last request: 10.433452 seconds.
  path: Assets/Prefabs/GrassBlock.prefab
  artifactKey: Guid(a3e7aa651f5bf7b47b5a31dd82a1f333) Importer(815301076,1909f56bfc062723c751e8b465ee728b)
Start importing Assets/Prefabs/GrassBlock.prefab using Guid(a3e7aa651f5bf7b47b5a31dd82a1f333) Importer(815301076,1909f56bfc062723c751e8b465ee728b)  -> (artifact id: '542c94b8dfcc475279a4eef435636ab5') in 0.019499 seconds 
========================================================================
Received Import Request.
  Time since last request: 174.774542 seconds.
  path: Assets/Prefabs/GrassBlock.prefab
  artifactKey: Guid(a3e7aa651f5bf7b47b5a31dd82a1f333) Importer(815301076,1909f56bfc062723c751e8b465ee728b)
Start importing Assets/Prefabs/GrassBlock.prefab using Guid(a3e7aa651f5bf7b47b5a31dd82a1f333) Importer(815301076,1909f56bfc062723c751e8b465ee728b)  -> (artifact id: '879acb0ba90f7c05129ab9c5273bf67f') in 0.015713 seconds 
========================================================================
Received Import Request.
  Time since last request: 13.228021 seconds.
  path: Assets/Prefabs/GrassBlock.prefab
  artifactKey: Guid(a3e7aa651f5bf7b47b5a31dd82a1f333) Importer(815301076,1909f56bfc062723c751e8b465ee728b)
Start importing Assets/Prefabs/GrassBlock.prefab using Guid(a3e7aa651f5bf7b47b5a31dd82a1f333) Importer(815301076,1909f56bfc062723c751e8b465ee728b)  -> (artifact id: 'a6d20809c5c5777863704e0a68338ca5') in 0.009349 seconds 
========================================================================
Received Import Request.
  Time since last request: 3.614095 seconds.
  path: Assets/Prefabs/GrassBlock.prefab
  artifactKey: Guid(a3e7aa651f5bf7b47b5a31dd82a1f333) Importer(815301076,1909f56bfc062723c751e8b465ee728b)
Start importing Assets/Prefabs/GrassBlock.prefab using Guid(a3e7aa651f5bf7b47b5a31dd82a1f333) Importer(815301076,1909f56bfc062723c751e8b465ee728b)  -> (artifact id: '4531d46edd61646ad71fc1cfaceb1f40') in 0.009510 seconds 
========================================================================
Received Import Request.
  Time since last request: 0.785826 seconds.
  path: Assets/Prefabs/GrassBlock.prefab
  artifactKey: Guid(a3e7aa651f5bf7b47b5a31dd82a1f333) Importer(815301076,1909f56bfc062723c751e8b465ee728b)
Start importing Assets/Prefabs/GrassBlock.prefab using Guid(a3e7aa651f5bf7b47b5a31dd82a1f333) Importer(815301076,1909f56bfc062723c751e8b465ee728b)  -> (artifact id: 'b1d3fb8f64a5a80d2a9b320281aacfb4') in 0.008541 seconds 
========================================================================
Received Import Request.
  Time since last request: 4.859977 seconds.
  path: Assets/Prefabs/GrassBlock.prefab
  artifactKey: Guid(a3e7aa651f5bf7b47b5a31dd82a1f333) Importer(815301076,1909f56bfc062723c751e8b465ee728b)
Start importing Assets/Prefabs/GrassBlock.prefab using Guid(a3e7aa651f5bf7b47b5a31dd82a1f333) Importer(815301076,1909f56bfc062723c751e8b465ee728b)  -> (artifact id: '0ca103c41dfb80082d495ca4d68771e1') in 0.008630 seconds 
========================================================================
Received Import Request.
  Time since last request: 0.763544 seconds.
  path: Assets/Prefabs/GrassBlock.prefab
  artifactKey: Guid(a3e7aa651f5bf7b47b5a31dd82a1f333) Importer(815301076,1909f56bfc062723c751e8b465ee728b)
Start importing Assets/Prefabs/GrassBlock.prefab using Guid(a3e7aa651f5bf7b47b5a31dd82a1f333) Importer(815301076,1909f56bfc062723c751e8b465ee728b)  -> (artifact id: 'ec33c758f1474b0a709e0a44357c43ea') in 0.007923 seconds 
========================================================================
Received Import Request.
  Time since last request: 2.609336 seconds.
  path: Assets/Prefabs/GrassBlock.prefab
  artifactKey: Guid(a3e7aa651f5bf7b47b5a31dd82a1f333) Importer(815301076,1909f56bfc062723c751e8b465ee728b)
Start importing Assets/Prefabs/GrassBlock.prefab using Guid(a3e7aa651f5bf7b47b5a31dd82a1f333) Importer(815301076,1909f56bfc062723c751e8b465ee728b)  -> (artifact id: '19d61467c8ab2da29e3c2c404e5ff158') in 0.009280 seconds 
========================================================================
Received Import Request.
  Time since last request: 4.412985 seconds.
  path: Assets/Prefabs/GrassBlock.prefab
  artifactKey: Guid(a3e7aa651f5bf7b47b5a31dd82a1f333) Importer(815301076,1909f56bfc062723c751e8b465ee728b)
Start importing Assets/Prefabs/GrassBlock.prefab using Guid(a3e7aa651f5bf7b47b5a31dd82a1f333) Importer(815301076,1909f56bfc062723c751e8b465ee728b)  -> (artifact id: '8762546196af37e4fc83f4e471937b46') in 0.010349 seconds 
========================================================================
Received Import Request.
  Time since last request: 5.034096 seconds.
  path: Assets/Prefabs/GrassBlock.prefab
  artifactKey: Guid(a3e7aa651f5bf7b47b5a31dd82a1f333) Importer(815301076,1909f56bfc062723c751e8b465ee728b)
Start importing Assets/Prefabs/GrassBlock.prefab using Guid(a3e7aa651f5bf7b47b5a31dd82a1f333) Importer(815301076,1909f56bfc062723c751e8b465ee728b)  -> (artifact id: '83c4f11d65c47a074c93e771dde00674') in 0.008169 seconds 
========================================================================
Received Import Request.
  Time since last request: 0.584959 seconds.
  path: Assets/Prefabs/GrassBlock.prefab
  artifactKey: Guid(a3e7aa651f5bf7b47b5a31dd82a1f333) Importer(815301076,1909f56bfc062723c751e8b465ee728b)
Start importing Assets/Prefabs/GrassBlock.prefab using Guid(a3e7aa651f5bf7b47b5a31dd82a1f333) Importer(815301076,1909f56bfc062723c751e8b465ee728b)  -> (artifact id: '716338725d73ac59876ac8c8b9148ffd') in 0.008945 seconds 
========================================================================
Received Import Request.
  Time since last request: 4.827364 seconds.
  path: Assets/Prefabs/GrassBlock.prefab
  artifactKey: Guid(a3e7aa651f5bf7b47b5a31dd82a1f333) Importer(815301076,1909f56bfc062723c751e8b465ee728b)
Start importing Assets/Prefabs/GrassBlock.prefab using Guid(a3e7aa651f5bf7b47b5a31dd82a1f333) Importer(815301076,1909f56bfc062723c751e8b465ee728b)  -> (artifact id: 'ac9f787834f8d1894b546175f4f29afc') in 0.009129 seconds 
========================================================================
Received Import Request.
  Time since last request: 0.592814 seconds.
  path: Assets/Prefabs/GrassBlock.prefab
  artifactKey: Guid(a3e7aa651f5bf7b47b5a31dd82a1f333) Importer(815301076,1909f56bfc062723c751e8b465ee728b)
Start importing Assets/Prefabs/GrassBlock.prefab using Guid(a3e7aa651f5bf7b47b5a31dd82a1f333) Importer(815301076,1909f56bfc062723c751e8b465ee728b)  -> (artifact id: '55878d37a081da873f857eb677ab4110') in 0.009443 seconds 
========================================================================
Received Import Request.
  Time since last request: 9.465509 seconds.
  path: Assets/Prefabs/GrassBlock.prefab
  artifactKey: Guid(a3e7aa651f5bf7b47b5a31dd82a1f333) Importer(815301076,1909f56bfc062723c751e8b465ee728b)
Start importing Assets/Prefabs/GrassBlock.prefab using Guid(a3e7aa651f5bf7b47b5a31dd82a1f333) Importer(815301076,1909f56bfc062723c751e8b465ee728b)  -> (artifact id: 'ca2d24b6aaf7cc596af5b3cc902c71c5') in 0.011102 seconds 
========================================================================
Received Import Request.
  Time since last request: 11.493640 seconds.
  path: Assets/Prefabs/GrassBlock.prefab
  artifactKey: Guid(a3e7aa651f5bf7b47b5a31dd82a1f333) Importer(815301076,1909f56bfc062723c751e8b465ee728b)
Start importing Assets/Prefabs/GrassBlock.prefab using Guid(a3e7aa651f5bf7b47b5a31dd82a1f333) Importer(815301076,1909f56bfc062723c751e8b465ee728b)  -> (artifact id: '432deca737ab2601b7fb16f7a6e094aa') in 0.010259 seconds 
========================================================================
Received Import Request.
  Time since last request: 0.589732 seconds.
  path: Assets/Prefabs/GrassBlock.prefab
  artifactKey: Guid(a3e7aa651f5bf7b47b5a31dd82a1f333) Importer(815301076,1909f56bfc062723c751e8b465ee728b)
Start importing Assets/Prefabs/GrassBlock.prefab using Guid(a3e7aa651f5bf7b47b5a31dd82a1f333) Importer(815301076,1909f56bfc062723c751e8b465ee728b)  -> (artifact id: 'abd340964885009a368fdd9cc10dc595') in 0.009416 seconds 
========================================================================
Received Import Request.
  Time since last request: 1.596520 seconds.
  path: Assets/Prefabs/GrassBlock.prefab
  artifactKey: Guid(a3e7aa651f5bf7b47b5a31dd82a1f333) Importer(815301076,1909f56bfc062723c751e8b465ee728b)
Start importing Assets/Prefabs/GrassBlock.prefab using Guid(a3e7aa651f5bf7b47b5a31dd82a1f333) Importer(815301076,1909f56bfc062723c751e8b465ee728b)  -> (artifact id: '94d8253f5328b136b2b5a6b29e2d450d') in 0.008332 seconds 
========================================================================
Received Import Request.
  Time since last request: 24.400555 seconds.
  path: Assets/Prefabs/GrassBlock.prefab
  artifactKey: Guid(a3e7aa651f5bf7b47b5a31dd82a1f333) Importer(815301076,1909f56bfc062723c751e8b465ee728b)
Start importing Assets/Prefabs/GrassBlock.prefab using Guid(a3e7aa651f5bf7b47b5a31dd82a1f333) Importer(815301076,1909f56bfc062723c751e8b465ee728b)  -> (artifact id: '1c3e14b362424c8202973de407beafed') in 0.008550 seconds 
========================================================================
Received Import Request.
  Time since last request: 8.470114 seconds.
  path: Assets/Prefabs/GrassBlock.prefab
  artifactKey: Guid(a3e7aa651f5bf7b47b5a31dd82a1f333) Importer(815301076,1909f56bfc062723c751e8b465ee728b)
Start importing Assets/Prefabs/GrassBlock.prefab using Guid(a3e7aa651f5bf7b47b5a31dd82a1f333) Importer(815301076,1909f56bfc062723c751e8b465ee728b)  -> (artifact id: 'de2a1136e5e9db0df01288dd98607ceb') in 0.008456 seconds 
========================================================================
Received Import Request.
  Time since last request: 1.191642 seconds.
  path: Assets/Prefabs/GrassBlock.prefab
  artifactKey: Guid(a3e7aa651f5bf7b47b5a31dd82a1f333) Importer(815301076,1909f56bfc062723c751e8b465ee728b)
Start importing Assets/Prefabs/GrassBlock.prefab using Guid(a3e7aa651f5bf7b47b5a31dd82a1f333) Importer(815301076,1909f56bfc062723c751e8b465ee728b)  -> (artifact id: '54b520cf72f9c3ee1859e5d341f18ff6') in 0.009312 seconds 
========================================================================
Received Import Request.
  Time since last request: 9.075992 seconds.
  path: Assets/Prefabs/GrassBlock.prefab
  artifactKey: Guid(a3e7aa651f5bf7b47b5a31dd82a1f333) Importer(815301076,1909f56bfc062723c751e8b465ee728b)
Start importing Assets/Prefabs/GrassBlock.prefab using Guid(a3e7aa651f5bf7b47b5a31dd82a1f333) Importer(815301076,1909f56bfc062723c751e8b465ee728b)  -> (artifact id: '051f377bf62aaa8bb61637c3e7cf1eb6') in 0.008383 seconds 
========================================================================
Received Import Request.
  Time since last request: 5.426485 seconds.
  path: Assets/Prefabs/GrassBlock.prefab
  artifactKey: Guid(a3e7aa651f5bf7b47b5a31dd82a1f333) Importer(815301076,1909f56bfc062723c751e8b465ee728b)
Start importing Assets/Prefabs/GrassBlock.prefab using Guid(a3e7aa651f5bf7b47b5a31dd82a1f333) Importer(815301076,1909f56bfc062723c751e8b465ee728b)  -> (artifact id: 'ee5cfc258ddf92d6cb31830e9bb60749') in 0.009702 seconds 
========================================================================
Received Import Request.
  Time since last request: 3.624718 seconds.
  path: Assets/Prefabs/GrassBlock.prefab
  artifactKey: Guid(a3e7aa651f5bf7b47b5a31dd82a1f333) Importer(815301076,1909f56bfc062723c751e8b465ee728b)
Start importing Assets/Prefabs/GrassBlock.prefab using Guid(a3e7aa651f5bf7b47b5a31dd82a1f333) Importer(815301076,1909f56bfc062723c751e8b465ee728b)  -> (artifact id: '17435be12b75e52a985fdf05e6bdce30') in 0.009264 seconds 
========================================================================
Received Import Request.
  Time since last request: 2.404067 seconds.
  path: Assets/Prefabs/GrassBlock.prefab
  artifactKey: Guid(a3e7aa651f5bf7b47b5a31dd82a1f333) Importer(815301076,1909f56bfc062723c751e8b465ee728b)
Start importing Assets/Prefabs/GrassBlock.prefab using Guid(a3e7aa651f5bf7b47b5a31dd82a1f333) Importer(815301076,1909f56bfc062723c751e8b465ee728b)  -> (artifact id: 'e3b08c2f3a72af057691830c12ea6ee2') in 0.008849 seconds 
========================================================================
Received Import Request.
  Time since last request: 8.856669 seconds.
  path: Assets/Prefabs/GrassBlock.prefab
  artifactKey: Guid(a3e7aa651f5bf7b47b5a31dd82a1f333) Importer(815301076,1909f56bfc062723c751e8b465ee728b)
Start importing Assets/Prefabs/GrassBlock.prefab using Guid(a3e7aa651f5bf7b47b5a31dd82a1f333) Importer(815301076,1909f56bfc062723c751e8b465ee728b)  -> (artifact id: '205c149e957f3c699a5de2c219311423') in 0.009889 seconds 
========================================================================
Received Import Request.
  Time since last request: 2.607199 seconds.
  path: Assets/Prefabs/GrassBlock.prefab
  artifactKey: Guid(a3e7aa651f5bf7b47b5a31dd82a1f333) Importer(815301076,1909f56bfc062723c751e8b465ee728b)
Start importing Assets/Prefabs/GrassBlock.prefab using Guid(a3e7aa651f5bf7b47b5a31dd82a1f333) Importer(815301076,1909f56bfc062723c751e8b465ee728b)  -> (artifact id: 'd04287a9f0190525dfed9d2c2dc90f9b') in 0.009389 seconds 
========================================================================
Received Import Request.
  Time since last request: 9.868931 seconds.
  path: Assets/Prefabs/GrassBlock.prefab
  artifactKey: Guid(a3e7aa651f5bf7b47b5a31dd82a1f333) Importer(815301076,1909f56bfc062723c751e8b465ee728b)
Start importing Assets/Prefabs/GrassBlock.prefab using Guid(a3e7aa651f5bf7b47b5a31dd82a1f333) Importer(815301076,1909f56bfc062723c751e8b465ee728b)  -> (artifact id: '71dc848e483a224b10edbbd0c23f0957') in 0.008508 seconds 
========================================================================
Received Import Request.
  Time since last request: 1.599819 seconds.
  path: Assets/Prefabs/GrassBlock.prefab
  artifactKey: Guid(a3e7aa651f5bf7b47b5a31dd82a1f333) Importer(815301076,1909f56bfc062723c751e8b465ee728b)
Start importing Assets/Prefabs/GrassBlock.prefab using Guid(a3e7aa651f5bf7b47b5a31dd82a1f333) Importer(815301076,1909f56bfc062723c751e8b465ee728b)  -> (artifact id: '917fca1e193d19d1d02115a3a503967b') in 0.008082 seconds 
========================================================================
Received Import Request.
  Time since last request: 3.622443 seconds.
  path: Assets/Prefabs/GrassBlock.prefab
  artifactKey: Guid(a3e7aa651f5bf7b47b5a31dd82a1f333) Importer(815301076,1909f56bfc062723c751e8b465ee728b)
Start importing Assets/Prefabs/GrassBlock.prefab using Guid(a3e7aa651f5bf7b47b5a31dd82a1f333) Importer(815301076,1909f56bfc062723c751e8b465ee728b)  -> (artifact id: '2c877706d881bd45f5cf3f3e0b87a8ab') in 0.008650 seconds 
========================================================================
Received Import Request.
  Time since last request: 1.593997 seconds.
  path: Assets/Prefabs/GrassBlock.prefab
  artifactKey: Guid(a3e7aa651f5bf7b47b5a31dd82a1f333) Importer(815301076,1909f56bfc062723c751e8b465ee728b)
Start importing Assets/Prefabs/GrassBlock.prefab using Guid(a3e7aa651f5bf7b47b5a31dd82a1f333) Importer(815301076,1909f56bfc062723c751e8b465ee728b)  -> (artifact id: '26ba35a42a22f2dd9e85d406e57d614c') in 0.009277 seconds 
========================================================================
Received Import Request.
  Time since last request: 3.025252 seconds.
  path: Assets/Prefabs/GrassBlock.prefab
  artifactKey: Guid(a3e7aa651f5bf7b47b5a31dd82a1f333) Importer(815301076,1909f56bfc062723c751e8b465ee728b)
Start importing Assets/Prefabs/GrassBlock.prefab using Guid(a3e7aa651f5bf7b47b5a31dd82a1f333) Importer(815301076,1909f56bfc062723c751e8b465ee728b)  -> (artifact id: '868c4551616677ade04762264f051d1e') in 0.008715 seconds 
========================================================================
Received Import Request.
  Time since last request: 1.584815 seconds.
  path: Assets/Prefabs/GrassBlock.prefab
  artifactKey: Guid(a3e7aa651f5bf7b47b5a31dd82a1f333) Importer(815301076,1909f56bfc062723c751e8b465ee728b)
Start importing Assets/Prefabs/GrassBlock.prefab using Guid(a3e7aa651f5bf7b47b5a31dd82a1f333) Importer(815301076,1909f56bfc062723c751e8b465ee728b)  -> (artifact id: 'bab693308e3111b7c57318c0cd42c0fb') in 0.007962 seconds 
========================================================================
Received Import Request.
  Time since last request: 3.815886 seconds.
  path: Assets/Prefabs/GrassBlock.prefab
  artifactKey: Guid(a3e7aa651f5bf7b47b5a31dd82a1f333) Importer(815301076,1909f56bfc062723c751e8b465ee728b)
Start importing Assets/Prefabs/GrassBlock.prefab using Guid(a3e7aa651f5bf7b47b5a31dd82a1f333) Importer(815301076,1909f56bfc062723c751e8b465ee728b)  -> (artifact id: 'd835322f382b05654d1598fc309c8d82') in 0.008877 seconds 
========================================================================
Received Import Request.
  Time since last request: 5.030678 seconds.
  path: Assets/Prefabs/GrassBlock.prefab
  artifactKey: Guid(a3e7aa651f5bf7b47b5a31dd82a1f333) Importer(815301076,1909f56bfc062723c751e8b465ee728b)
Start importing Assets/Prefabs/GrassBlock.prefab using Guid(a3e7aa651f5bf7b47b5a31dd82a1f333) Importer(815301076,1909f56bfc062723c751e8b465ee728b)  -> (artifact id: '717712039de32d75f1b44eebfc9b7134') in 0.008610 seconds 
========================================================================
Received Import Request.
  Time since last request: 2.000213 seconds.
  path: Assets/Prefabs/GrassBlock.prefab
  artifactKey: Guid(a3e7aa651f5bf7b47b5a31dd82a1f333) Importer(815301076,1909f56bfc062723c751e8b465ee728b)
Start importing Assets/Prefabs/GrassBlock.prefab using Guid(a3e7aa651f5bf7b47b5a31dd82a1f333) Importer(815301076,1909f56bfc062723c751e8b465ee728b)  -> (artifact id: 'e14e78be65ab28efdaa96113c172ec44') in 0.007924 seconds 
========================================================================
Received Import Request.
  Time since last request: 1.601973 seconds.
  path: Assets/Prefabs/GrassBlock.prefab
  artifactKey: Guid(a3e7aa651f5bf7b47b5a31dd82a1f333) Importer(815301076,1909f56bfc062723c751e8b465ee728b)
Start importing Assets/Prefabs/GrassBlock.prefab using Guid(a3e7aa651f5bf7b47b5a31dd82a1f333) Importer(815301076,1909f56bfc062723c751e8b465ee728b)  -> (artifact id: 'ac397dca26b160c76a8c73c9535226d1') in 0.008329 seconds 
========================================================================
Received Import Request.
  Time since last request: 1.591266 seconds.
  path: Assets/Prefabs/GrassBlock.prefab
  artifactKey: Guid(a3e7aa651f5bf7b47b5a31dd82a1f333) Importer(815301076,1909f56bfc062723c751e8b465ee728b)
Start importing Assets/Prefabs/GrassBlock.prefab using Guid(a3e7aa651f5bf7b47b5a31dd82a1f333) Importer(815301076,1909f56bfc062723c751e8b465ee728b)  -> (artifact id: '5c826afaec030ba732f499ef1a8a0902') in 0.009394 seconds 
========================================================================
Received Import Request.
  Time since last request: 3.214058 seconds.
  path: Assets/Prefabs/GrassBlock.prefab
  artifactKey: Guid(a3e7aa651f5bf7b47b5a31dd82a1f333) Importer(815301076,1909f56bfc062723c751e8b465ee728b)
Start importing Assets/Prefabs/GrassBlock.prefab using Guid(a3e7aa651f5bf7b47b5a31dd82a1f333) Importer(815301076,1909f56bfc062723c751e8b465ee728b)  -> (artifact id: '4d77d1c38a1a52be5255e1a411455f06') in 0.009059 seconds 
========================================================================
Received Import Request.
  Time since last request: 2.398825 seconds.
  path: Assets/Prefabs/GrassBlock.prefab
  artifactKey: Guid(a3e7aa651f5bf7b47b5a31dd82a1f333) Importer(815301076,1909f56bfc062723c751e8b465ee728b)
Start importing Assets/Prefabs/GrassBlock.prefab using Guid(a3e7aa651f5bf7b47b5a31dd82a1f333) Importer(815301076,1909f56bfc062723c751e8b465ee728b)  -> (artifact id: 'bb7295f920ed635c2a4d1e14e2ad5447') in 0.008190 seconds 
========================================================================
Received Import Request.
  Time since last request: 2.429787 seconds.
  path: Assets/Prefabs/GrassBlock.prefab
  artifactKey: Guid(a3e7aa651f5bf7b47b5a31dd82a1f333) Importer(815301076,1909f56bfc062723c751e8b465ee728b)
Start importing Assets/Prefabs/GrassBlock.prefab using Guid(a3e7aa651f5bf7b47b5a31dd82a1f333) Importer(815301076,1909f56bfc062723c751e8b465ee728b)  -> (artifact id: '297a7b319665918067f624fc3e219f0f') in 0.008210 seconds 
========================================================================
Received Import Request.
  Time since last request: 145.520439 seconds.
  path: Assets/Assets/GrassBlock.fbx
  artifactKey: Guid(b42b753c03716cc41a5055eb2d21232f) Importer(815301076,1909f56bfc062723c751e8b465ee728b)
Start importing Assets/Assets/GrassBlock.fbx using Guid(b42b753c03716cc41a5055eb2d21232f) Importer(815301076,1909f56bfc062723c751e8b465ee728b)  -> (artifact id: '6e28ff8130d032e664ba07a0a7d09fff') in 0.041645 seconds 
========================================================================
Received Import Request.
  Time since last request: 4.532295 seconds.
  path: Assets/Assets/Materials/GrassBlock 1.mat
  artifactKey: Guid(3281f7a7acf39894898f9fd364c25b08) Importer(815301076,1909f56bfc062723c751e8b465ee728b)
Start importing Assets/Assets/Materials/GrassBlock 1.mat using Guid(3281f7a7acf39894898f9fd364c25b08) Importer(815301076,1909f56bfc062723c751e8b465ee728b)  -> (artifact id: '8e189f31805a7a0ef938e07d3cbe98a6') in 0.018712 seconds 
========================================================================
Received Import Request.
  Time since last request: 6.423368 seconds.
  path: Assets/Assets/Materials/GrassBlockTex.001.png
  artifactKey: Guid(ddb6caf9a9381e6438f55f9bc78a6d0f) Importer(815301076,1909f56bfc062723c751e8b465ee728b)
Start importing Assets/Assets/Materials/GrassBlockTex.001.png using Guid(ddb6caf9a9381e6438f55f9bc78a6d0f) Importer(815301076,1909f56bfc062723c751e8b465ee728b)  -> (artifact id: '1acae55ab79ba6431ef3afd8e9c0188a') in 0.037771 seconds 
========================================================================
Received Import Request.
  Time since last request: 132.166250 seconds.
  path: Assets/Assets/Materials/GrassBlock 1.mat
  artifactKey: Guid(3281f7a7acf39894898f9fd364c25b08) Importer(815301076,1909f56bfc062723c751e8b465ee728b)
Start importing Assets/Assets/Materials/GrassBlock 1.mat using Guid(3281f7a7acf39894898f9fd364c25b08) Importer(815301076,1909f56bfc062723c751e8b465ee728b)  -> (artifact id: 'e08ca8e2ba42608a18bdab149aad755c') in 0.030022 seconds 
