Using pre-set license
Built from '2021.3/staging' branch; Version is '2021.3.16f1 (4016570cf34f) revision 4200023'; Using compiler version '192829333'; Build Type 'Release'
OS: 'Windows 10  (10.0.19044) 64bit Core' Language: 'en' Physical Memory: 16253 MB
BatchMode: 1, IsHumanControllingUs: 0, StartBugReporterOnCrash: 0, Is64bit: 1, IsPro: 1

COMMAND LINE ARGUMENTS:
C:\Program Files\Unity\Hub\Editor\2021.3.16f1\Editor\Unity.exe
-adb2
-batchMode
-noUpm
-name
AssetImportWorker1
-projectPath
C:/Users/Morga/Documents/GitHub/Imprecision
-logFile
Logs/AssetImportWorker1.log
-srvPort
49939
Successfully changed project path to: C:/Users/Morga/Documents/GitHub/Imprecision
C:/Users/Morga/Documents/GitHub/Imprecision
[UnityMemory] Configuration Parameters - Can be set up in boot.config
    "memorysetup-bucket-allocator-granularity=16"
    "memorysetup-bucket-allocator-bucket-count=8"
    "memorysetup-bucket-allocator-block-size=33554432"
    "memorysetup-bucket-allocator-block-count=8"
    "memorysetup-main-allocator-block-size=16777216"
    "memorysetup-thread-allocator-block-size=16777216"
    "memorysetup-gfx-main-allocator-block-size=16777216"
    "memorysetup-gfx-thread-allocator-block-size=16777216"
    "memorysetup-cache-allocator-block-size=4194304"
    "memorysetup-typetree-allocator-block-size=2097152"
    "memorysetup-profiler-bucket-allocator-granularity=16"
    "memorysetup-profiler-bucket-allocator-bucket-count=8"
    "memorysetup-profiler-bucket-allocator-block-size=33554432"
    "memorysetup-profiler-bucket-allocator-block-count=8"
    "memorysetup-profiler-allocator-block-size=16777216"
    "memorysetup-profiler-editor-allocator-block-size=1048576"
    "memorysetup-temp-allocator-size-main=16777216"
    "memorysetup-job-temp-allocator-block-size=2097152"
    "memorysetup-job-temp-allocator-block-size-background=1048576"
    "memorysetup-job-temp-allocator-reduction-small-platforms=262144"
    "memorysetup-temp-allocator-size-background-worker=32768"
    "memorysetup-temp-allocator-size-job-worker=262144"
    "memorysetup-temp-allocator-size-preload-manager=33554432"
    "memorysetup-temp-allocator-size-nav-mesh-worker=65536"
    "memorysetup-temp-allocator-size-audio-worker=65536"
    "memorysetup-temp-allocator-size-cloud-worker=32768"
    "memorysetup-temp-allocator-size-gi-baking-worker=262144"
    "memorysetup-temp-allocator-size-gfx=262144"
Player connection [19544] Host "[IP] 192.168.0.158 [Port] 0 [Flags] 2 [Guid] 735986988 [EditorId] 735986988 [Version] 1048832 [Id] WindowsEditor(7,DESKTOP-VCJTN35) [Debug] 1 [PackageName] WindowsEditor [ProjectName] Editor" joined multi-casting on [225.0.0.222:54997]...

Player connection [19544] Host "[IP] 192.168.0.158 [Port] 0 [Flags] 2 [Guid] 735986988 [EditorId] 735986988 [Version] 1048832 [Id] WindowsEditor(7,DESKTOP-VCJTN35) [Debug] 1 [PackageName] WindowsEditor [ProjectName] Editor" joined alternative multi-casting on [225.0.0.222:34997]...

Refreshing native plugins compatible for Editor in 192.41 ms, found 5 plugins.
Preloading 0 native plugins for Editor in 0.00 ms.
Initialize engine version: 2021.3.16f1 (4016570cf34f)
[Subsystems] Discovering subsystems at path C:/Program Files/Unity/Hub/Editor/2021.3.16f1/Editor/Data/Resources/UnitySubsystems
[Subsystems] Discovering subsystems at path C:/Users/Morga/Documents/GitHub/Imprecision/Assets
GfxDevice: creating device client; threaded=0; jobified=0
Direct3D:
    Version:  Direct3D 11.0 [level 11.1]
    Renderer: NVIDIA GeForce RTX 3050 (ID=0x2507)
    Vendor:   NVIDIA
    VRAM:     8056 MB
    Driver:   31.0.15.3161
Initialize mono
Mono path[0] = 'C:/Program Files/Unity/Hub/Editor/2021.3.16f1/Editor/Data/Managed'
Mono path[1] = 'C:/Program Files/Unity/Hub/Editor/2021.3.16f1/Editor/Data/MonoBleedingEdge/lib/mono/unityjit-win32'
Mono config path = 'C:/Program Files/Unity/Hub/Editor/2021.3.16f1/Editor/Data/MonoBleedingEdge/etc'
Using monoOptions --debugger-agent=transport=dt_socket,embedding=1,server=y,suspend=n,address=127.0.0.1:56364
Begin MonoManager ReloadAssembly
Registering precompiled unity dll's ...
Register platform support module: C:/Program Files/Unity/Hub/Editor/2021.3.16f1/Editor/Data/PlaybackEngines/WebGLSupport/UnityEditor.WebGL.Extensions.dll
Register platform support module: C:/Program Files/Unity/Hub/Editor/2021.3.16f1/Editor/Data/PlaybackEngines/AndroidPlayer/UnityEditor.Android.Extensions.dll
Register platform support module: C:/Program Files/Unity/Hub/Editor/2021.3.16f1/Editor/Data/PlaybackEngines/WindowsStandaloneSupport/UnityEditor.WindowsStandalone.Extensions.dll
Register platform support module: C:/Program Files/Unity/Hub/Editor/2021.3.16f1/Editor/Data/PlaybackEngines/MetroSupport/UnityEditor.UWP.Extensions.dll
Registered in 0.015437 seconds.
Native extension for UWP target not found
Native extension for WindowsStandalone target not found
Native extension for Android target not found
Native extension for WebGL target not found
Refreshing native plugins compatible for Editor in 200.70 ms, found 5 plugins.
Preloading 0 native plugins for Editor in 0.00 ms.
Mono: successfully reloaded assembly
- Completed reload, in  1.275 seconds
Domain Reload Profiling:
	ReloadAssembly (1276ms)
		BeginReloadAssembly (109ms)
			ExecutionOrderSort (0ms)
			DisableScriptedObjects (0ms)
			BackupInstance (0ms)
			ReleaseScriptingObjects (0ms)
			CreateAndSetChildDomain (1ms)
		EndReloadAssembly (992ms)
			LoadAssemblies (106ms)
			RebuildTransferFunctionScriptingTraits (0ms)
			SetupTypeCache (186ms)
			ReleaseScriptCaches (0ms)
			RebuildScriptCaches (82ms)
			SetupLoadedEditorAssemblies (643ms)
				LogAssemblyErrors (0ms)
				InitializePlatformSupportModulesInManaged (100ms)
				SetLoadedEditorAssemblies (0ms)
				RefreshPlugins (201ms)
				BeforeProcessingInitializeOnLoad (2ms)
				ProcessInitializeOnLoadAttributes (245ms)
				ProcessInitializeOnLoadMethodAttributes (94ms)
				AfterProcessingInitializeOnLoad (0ms)
				EditorAssembliesLoaded (0ms)
			ExecutionOrderSort2 (0ms)
			AwakeInstancesAfterBackupRestoration (0ms)
Platform modules already initialized, skipping
Registering precompiled user dll's ...
Registered in 0.021113 seconds.
Android Extension - Scanning For ADB Devices 6689 ms
Begin MonoManager ReloadAssembly
Native extension for UWP target not found
Native extension for WindowsStandalone target not found
Native extension for Android target not found
Native extension for WebGL target not found
Refreshing native plugins compatible for Editor in 192.02 ms, found 5 plugins.
Preloading 0 native plugins for Editor in 0.00 ms.
Mono: successfully reloaded assembly
- Completed reload, in  3.675 seconds
Domain Reload Profiling:
	ReloadAssembly (3677ms)
		BeginReloadAssembly (250ms)
			ExecutionOrderSort (0ms)
			DisableScriptedObjects (13ms)
			BackupInstance (0ms)
			ReleaseScriptingObjects (1ms)
			CreateAndSetChildDomain (43ms)
		EndReloadAssembly (3128ms)
			LoadAssemblies (389ms)
			RebuildTransferFunctionScriptingTraits (0ms)
			SetupTypeCache (676ms)
			ReleaseScriptCaches (2ms)
			RebuildScriptCaches (149ms)
			SetupLoadedEditorAssemblies (1825ms)
				LogAssemblyErrors (0ms)
				InitializePlatformSupportModulesInManaged (29ms)
				SetLoadedEditorAssemblies (1ms)
				RefreshPlugins (192ms)
				BeforeProcessingInitializeOnLoad (280ms)
				ProcessInitializeOnLoadAttributes (1151ms)
				ProcessInitializeOnLoadMethodAttributes (160ms)
				AfterProcessingInitializeOnLoad (13ms)
				EditorAssembliesLoaded (1ms)
			ExecutionOrderSort2 (0ms)
			AwakeInstancesAfterBackupRestoration (16ms)
Platform modules already initialized, skipping
========================================================================
Worker process is ready to serve import requests
Launched and connected shader compiler UnityShaderCompiler.exe after 0.11 seconds
Refreshing native plugins compatible for Editor in 2.70 ms, found 5 plugins.
Preloading 0 native plugins for Editor in 0.00 ms.
Unloading 5802 Unused Serialized files (Serialized files now loaded: 0)
Unloading 83 unused Assets / (0.8 MB). Loaded Objects now: 6263.
Memory consumption went from 241.1 MB to 240.3 MB.
Total: 9.987800 ms (FindLiveObjects: 0.846200 ms CreateObjectMapping: 1.209100 ms MarkObjects: 7.405100 ms  DeleteObjects: 0.526100 ms)

AssetImportParameters requested are different than current active one (requested -> active):
  custom:video-decoder-ogg-theora: a1e56fd34408186e4bbccfd4996cb3dc -> 
  custom:container-muxer-webm: aa71ff27fc2769a1b78a27578f13a17b -> 
  custom:container-demuxer-webm: 4f35f7cbe854078d1ac9338744f61a02 -> 
  custom:video-encoder-webm-vp8: eb34c28f22e8b96e1ab97ce403110664 -> 
  custom:audio-encoder-webm-vorbis: bf7c407c2cedff20999df2af8eb42d56 -> 
  custom:framework-win-MediaFoundation: 216162199b28c13a410421893ffa2e32 -> 
  custom:container-demuxer-ogg: 62fdf1f143b41e24485cea50d1cbac27 -> 
  custom:video-decoder-webm-vp8: 9c59270c3fd7afecdb556c50c9e8de78 -> 
  custom:audio-decoder-ogg-vorbis: bf7c407c2cedff20999df2af8eb42d56 -> 
========================================================================
Received Import Request.
  Time since last request: 487148.322467 seconds.
  path: Assets/Animations/Cyclops/Cyclops@Standing Idle.fbx
  artifactKey: Guid(d37d9810940c9ae489302f6758f95c0b) Importer(815301076,1909f56bfc062723c751e8b465ee728b)
Start importing Assets/Animations/Cyclops/Cyclops@Standing Idle.fbx using Guid(d37d9810940c9ae489302f6758f95c0b) Importer(815301076,1909f56bfc062723c751e8b465ee728b)  -> (artifact id: 'f75efcaa545b5e4b2a8b974653242a1e') in 0.665719 seconds 
========================================================================
Received Import Request.
  Time since last request: 0.000053 seconds.
  path: Assets/Animations/Cyclops/Cyclops@Standing Taunt Battlecry.fbx
  artifactKey: Guid(452b659eae3145940a427a2e9608d6fe) Importer(815301076,1909f56bfc062723c751e8b465ee728b)
Start importing Assets/Animations/Cyclops/Cyclops@Standing Taunt Battlecry.fbx using Guid(452b659eae3145940a427a2e9608d6fe) Importer(815301076,1909f56bfc062723c751e8b465ee728b)  -> (artifact id: '2f09abd224337d16d477d83c5b253eec') in 0.074500 seconds 
========================================================================
Received Import Request.
  Time since last request: 0.000058 seconds.
  path: Assets/Animations/Cyclops/Cyclops@Standing Melee Attack 360 High.fbx
  artifactKey: Guid(6a8f95d5442afa04ca0b46c1219268bd) Importer(815301076,1909f56bfc062723c751e8b465ee728b)
Start importing Assets/Animations/Cyclops/Cyclops@Standing Melee Attack 360 High.fbx using Guid(6a8f95d5442afa04ca0b46c1219268bd) Importer(815301076,1909f56bfc062723c751e8b465ee728b)  -> (artifact id: '845567016d1e1848d3b1440af7c8fe30') in 0.064462 seconds 
========================================================================
Received Import Request.
  Time since last request: 0.000040 seconds.
  path: Assets/Animations/Cyclops/Cyclops@Standing React Large From Left.fbx
  artifactKey: Guid(2b0bcf39e730dbb4394a980e88d759ab) Importer(815301076,1909f56bfc062723c751e8b465ee728b)
Start importing Assets/Animations/Cyclops/Cyclops@Standing React Large From Left.fbx using Guid(2b0bcf39e730dbb4394a980e88d759ab) Importer(815301076,1909f56bfc062723c751e8b465ee728b)  -> (artifact id: '2ce5ada756b2a5683fa60036fa0a7e7f') in 0.077659 seconds 
========================================================================
Received Import Request.
  Time since last request: 0.000039 seconds.
  path: Assets/Animations/Cyclops/Cyclops@Standing Melee Attack Horizontal.fbx
  artifactKey: Guid(7108edd5e09d9d949906ecc47f13ba63) Importer(815301076,1909f56bfc062723c751e8b465ee728b)
Start importing Assets/Animations/Cyclops/Cyclops@Standing Melee Attack Horizontal.fbx using Guid(7108edd5e09d9d949906ecc47f13ba63) Importer(815301076,1909f56bfc062723c751e8b465ee728b)  -> (artifact id: 'e6f0efb90468d82f56c221ee8b56784d') in 0.063232 seconds 
========================================================================
Received Import Request.
  Time since last request: 0.000039 seconds.
  path: Assets/Animations/Cyclops/Cyclops@Standing Run Forward.fbx
  artifactKey: Guid(de3a44ec420076a479e2b84d1deadd75) Importer(815301076,1909f56bfc062723c751e8b465ee728b)
Start importing Assets/Animations/Cyclops/Cyclops@Standing Run Forward.fbx using Guid(de3a44ec420076a479e2b84d1deadd75) Importer(815301076,1909f56bfc062723c751e8b465ee728b)  -> (artifact id: 'bc8cc44c2170838b1f9aba9a01089451') in 0.057479 seconds 
========================================================================
Received Import Request.
  Time since last request: 0.000056 seconds.
  path: Assets/Animations/Cyclops/Cyclops@Standing React Large Gut.fbx
  artifactKey: Guid(8fc95e8e76e07154f85402bc2546f6db) Importer(815301076,1909f56bfc062723c751e8b465ee728b)
Start importing Assets/Animations/Cyclops/Cyclops@Standing React Large Gut.fbx using Guid(8fc95e8e76e07154f85402bc2546f6db) Importer(815301076,1909f56bfc062723c751e8b465ee728b)  -> (artifact id: '012f165bb3619666a2d306a4626cf42e') in 0.057343 seconds 
========================================================================
Received Import Request.
  Time since last request: 0.000072 seconds.
  path: Assets/Animations/Cyclops/Cyclops@Standing Melee Attack Downward.fbx
  artifactKey: Guid(752b2fb7ba8b90c40b554bd2e0fcf8c4) Importer(815301076,1909f56bfc062723c751e8b465ee728b)
Start importing Assets/Animations/Cyclops/Cyclops@Standing Melee Attack Downward.fbx using Guid(752b2fb7ba8b90c40b554bd2e0fcf8c4) Importer(815301076,1909f56bfc062723c751e8b465ee728b)  -> (artifact id: '7a135f5493acf8b6d7c2120429642d3f') in 0.058764 seconds 
========================================================================
Received Import Request.
  Time since last request: 0.000054 seconds.
  path: Assets/Animations/Cyclops/Cyclops@Standing Walk Forward.fbx
  artifactKey: Guid(7cce61856ab36f948bd11f10a39ff1f3) Importer(815301076,1909f56bfc062723c751e8b465ee728b)
Start importing Assets/Animations/Cyclops/Cyclops@Standing Walk Forward.fbx using Guid(7cce61856ab36f948bd11f10a39ff1f3) Importer(815301076,1909f56bfc062723c751e8b465ee728b)  -> (artifact id: '9798767871207a153c33d6169a6c258c') in 0.065660 seconds 
========================================================================
Received Import Request.
  Time since last request: 0.000085 seconds.
  path: Assets/Animations/Cyclops/Cyclops@Dying.fbx
  artifactKey: Guid(32c97fa7f1863f84d8844fd5520a0171) Importer(815301076,1909f56bfc062723c751e8b465ee728b)
Start importing Assets/Animations/Cyclops/Cyclops@Dying.fbx using Guid(32c97fa7f1863f84d8844fd5520a0171) Importer(815301076,1909f56bfc062723c751e8b465ee728b)  -> (artifact id: '273acd91e2012e8859db161b2a085c61') in 0.058267 seconds 
========================================================================
Received Import Request.
  Time since last request: 0.000076 seconds.
  path: Assets/Animations/Cyclops/Cyclops@Standing Melee Combo Attack Ver. 2.fbx
  artifactKey: Guid(702945626ff319e4c925a61d504966f7) Importer(815301076,1909f56bfc062723c751e8b465ee728b)
Start importing Assets/Animations/Cyclops/Cyclops@Standing Melee Combo Attack Ver. 2.fbx using Guid(702945626ff319e4c925a61d504966f7) Importer(815301076,1909f56bfc062723c751e8b465ee728b)  -> (artifact id: '1e30b8e812b8580d16ef9792e04c7b80') in 0.055105 seconds 
========================================================================
Received Import Request.
  Time since last request: 0.000057 seconds.
  path: Assets/Animations/Cyclops/Cyclops@Standing Melee Attack Kick Ver. 1.fbx
  artifactKey: Guid(53a8933c4ff5adc4388fc137165e46fc) Importer(815301076,1909f56bfc062723c751e8b465ee728b)
Start importing Assets/Animations/Cyclops/Cyclops@Standing Melee Attack Kick Ver. 1.fbx using Guid(53a8933c4ff5adc4388fc137165e46fc) Importer(815301076,1909f56bfc062723c751e8b465ee728b)  -> (artifact id: 'ebc1a157864ff4598054a75fb355e487') in 0.083756 seconds 
========================================================================
Received Import Request.
  Time since last request: 0.000043 seconds.
  path: Assets/Animations/Cyclops/Cyclops@Standing Melee Combo Attack Ver. 1.fbx
  artifactKey: Guid(bab45f06afd2eed4394499f8e5146112) Importer(815301076,1909f56bfc062723c751e8b465ee728b)
Start importing Assets/Animations/Cyclops/Cyclops@Standing Melee Combo Attack Ver. 1.fbx using Guid(bab45f06afd2eed4394499f8e5146112) Importer(815301076,1909f56bfc062723c751e8b465ee728b)  -> (artifact id: 'ae37c7282e33e3df38140652c7097a92') in 0.068593 seconds 
========================================================================
Received Import Request.
  Time since last request: 463.979012 seconds.
  path: Assets/Animations/Cyclops/Cyclops@Sprinting Forward Roll.fbx
  artifactKey: Guid(dc03945b1bd01ad468085d1bb2480019) Importer(815301076,1909f56bfc062723c751e8b465ee728b)
Start importing Assets/Animations/Cyclops/Cyclops@Sprinting Forward Roll.fbx using Guid(dc03945b1bd01ad468085d1bb2480019) Importer(815301076,1909f56bfc062723c751e8b465ee728b)  -> (artifact id: '83e23a2c78b9c31ea4e5a35f9428ef18') in 0.086893 seconds 
========================================================================
Received Import Request.
  Time since last request: 73.563127 seconds.
  path: Assets/Animations/Cyclops/Cyclops@Standing Idle.fbx
  artifactKey: Guid(d37d9810940c9ae489302f6758f95c0b) Importer(815301076,1909f56bfc062723c751e8b465ee728b)
Start importing Assets/Animations/Cyclops/Cyclops@Standing Idle.fbx using Guid(d37d9810940c9ae489302f6758f95c0b) Importer(815301076,1909f56bfc062723c751e8b465ee728b)  -> (artifact id: '0430defd5fba3acd5ce997bb2c17c4e5') in 0.110508 seconds 
========================================================================
Received Import Request.
  Time since last request: 3.797264 seconds.
  path: Assets/Animations/Cyclops/Cyclops@Standing Idle.fbx
  artifactKey: Guid(d37d9810940c9ae489302f6758f95c0b) Importer(815301076,1909f56bfc062723c751e8b465ee728b)
Start importing Assets/Animations/Cyclops/Cyclops@Standing Idle.fbx using Guid(d37d9810940c9ae489302f6758f95c0b) Importer(815301076,1909f56bfc062723c751e8b465ee728b)  -> (artifact id: 'a0f5d983ed95682b398c3fe71a1572d4') in 0.129755 seconds 
========================================================================
Received Import Request.
  Time since last request: 79.347746 seconds.
  path: Assets/Animations/Cyclops/Cyclops@Standing Walk Forward.fbx
  artifactKey: Guid(7cce61856ab36f948bd11f10a39ff1f3) Importer(815301076,1909f56bfc062723c751e8b465ee728b)
Start importing Assets/Animations/Cyclops/Cyclops@Standing Walk Forward.fbx using Guid(7cce61856ab36f948bd11f10a39ff1f3) Importer(815301076,1909f56bfc062723c751e8b465ee728b)  -> (artifact id: '7353953af36023f2d4c97d2b657a24c8') in 0.111292 seconds 
========================================================================
Received Import Request.
  Time since last request: 193.466521 seconds.
  path: Assets/Animations/Cyclops/Cyclops.controller
  artifactKey: Guid(999c06d194e43b540b789421be5627b2) Importer(815301076,1909f56bfc062723c751e8b465ee728b)
Start importing Assets/Animations/Cyclops/Cyclops.controller using Guid(999c06d194e43b540b789421be5627b2) Importer(815301076,1909f56bfc062723c751e8b465ee728b)  -> (artifact id: '1d49b175415cb7ca705142c531d2a8fb') in 0.041714 seconds 
========================================================================
Received Import Request.
  Time since last request: 328.055102 seconds.
  path: Assets/Animations/Cyclops/Cyclops.controller
  artifactKey: Guid(999c06d194e43b540b789421be5627b2) Importer(815301076,1909f56bfc062723c751e8b465ee728b)
Start importing Assets/Animations/Cyclops/Cyclops.controller using Guid(999c06d194e43b540b789421be5627b2) Importer(815301076,1909f56bfc062723c751e8b465ee728b)  -> (artifact id: '0e2d30ba9bb7bcf7377a6a3ce631eea0') in 0.024945 seconds 
========================================================================
Received Import Request.
  Time since last request: 10759.469117 seconds.
  path: Assets/Assets/Rock5.png
  artifactKey: Guid(4136137cc6b84c947892fe7640016293) Importer(815301076,1909f56bfc062723c751e8b465ee728b)
Start importing Assets/Assets/Rock5.png using Guid(4136137cc6b84c947892fe7640016293) Importer(815301076,1909f56bfc062723c751e8b465ee728b)  -> (artifact id: '1ace1942bf67ae4c77b90b7e31def7a8') in 6.969662 seconds 
========================================================================
Received Import Request.
  Time since last request: 0.000182 seconds.
  path: Assets/Assets/Rock5.obj
  artifactKey: Guid(3c9627c2e362d214cbbb28092a221177) Importer(815301076,1909f56bfc062723c751e8b465ee728b)
Start importing Assets/Assets/Rock5.obj using Guid(3c9627c2e362d214cbbb28092a221177) Importer(815301076,1909f56bfc062723c751e8b465ee728b)  -> (artifact id: '2f882e48b5603ae43d6ce3fa0c0b740d') in 0.114792 seconds 
========================================================================
Received Import Request.
  Time since last request: 1.084814 seconds.
  path: Assets/Assets/Rock4.png
  artifactKey: Guid(7dffd59f5c8c5414383a731e23534979) Importer(815301076,1909f56bfc062723c751e8b465ee728b)
Start importing Assets/Assets/Rock4.png using Guid(7dffd59f5c8c5414383a731e23534979) Importer(815301076,1909f56bfc062723c751e8b465ee728b)  -> (artifact id: '13d457a4d99da8ea0708062cefbdf17e') in 0.212295 seconds 
========================================================================
Received Import Request.
  Time since last request: 0.102821 seconds.
  path: Assets/Assets/Rock4.obj
  artifactKey: Guid(9ee58178ce97eaa41bdb0eb1c0d989b0) Importer(815301076,1909f56bfc062723c751e8b465ee728b)
Start importing Assets/Assets/Rock4.obj using Guid(9ee58178ce97eaa41bdb0eb1c0d989b0) Importer(815301076,1909f56bfc062723c751e8b465ee728b)  -> (artifact id: 'daf52c35b6fd82c90b3e2138af47f487') in 5.854891 seconds 
