
=== Sat Feb 19 10:56:05 2022

Packages were changed.
Update Mode: mergeDefaultDependencies

The following packages were added:
  com.unity.collab-proxy@1.3.9
  com.unity.ide.rider@2.0.7
  com.unity.ide.visualstudio@2.0.7
  com.unity.ide.vscode@1.2.3
  com.unity.modules.ai@1.0.0
  com.unity.modules.androidjni@1.0.0
  com.unity.modules.animation@1.0.0
  com.unity.modules.assetbundle@1.0.0
  com.unity.modules.audio@1.0.0
  com.unity.modules.cloth@1.0.0
  com.unity.modules.director@1.0.0
  com.unity.modules.imageconversion@1.0.0
  com.unity.modules.imgui@1.0.0
  com.unity.modules.jsonserialize@1.0.0
  com.unity.modules.particlesystem@1.0.0
  com.unity.modules.physics@1.0.0
  com.unity.modules.physics2d@1.0.0
  com.unity.modules.screencapture@1.0.0
  com.unity.modules.terrain@1.0.0
  com.unity.modules.terrainphysics@1.0.0
  com.unity.modules.tilemap@1.0.0
  com.unity.modules.ui@1.0.0
  com.unity.modules.uielements@1.0.0
  com.unity.modules.umbra@1.0.0
  com.unity.modules.unityanalytics@1.0.0
  com.unity.modules.unitywebrequest@1.0.0
  com.unity.modules.unitywebrequestassetbundle@1.0.0
  com.unity.modules.unitywebrequestaudio@1.0.0
  com.unity.modules.unitywebrequesttexture@1.0.0
  com.unity.modules.unitywebrequestwww@1.0.0
  com.unity.modules.vehicles@1.0.0
  com.unity.modules.video@1.0.0
  com.unity.modules.vr@1.0.0
  com.unity.modules.wind@1.0.0
  com.unity.modules.xr@1.0.0
  com.unity.test-framework@1.1.24
  com.unity.textmeshpro@3.0.4
  com.unity.timeline@1.4.7
  com.unity.ugui@1.0.0

=== Sat Feb 19 11:48:50 2022

Packages were changed.
Update Mode: mergeDefaultDependencies

The following packages were added:
  com.unity.collab-proxy@1.3.9
  com.unity.ide.rider@2.0.7
  com.unity.ide.visualstudio@2.0.7
  com.unity.ide.vscode@1.2.3
  com.unity.modules.ai@1.0.0
  com.unity.modules.androidjni@1.0.0
  com.unity.modules.animation@1.0.0
  com.unity.modules.assetbundle@1.0.0
  com.unity.modules.audio@1.0.0
  com.unity.modules.cloth@1.0.0
  com.unity.modules.director@1.0.0
  com.unity.modules.imageconversion@1.0.0
  com.unity.modules.imgui@1.0.0
  com.unity.modules.jsonserialize@1.0.0
  com.unity.modules.particlesystem@1.0.0
  com.unity.modules.physics@1.0.0
  com.unity.modules.physics2d@1.0.0
  com.unity.modules.screencapture@1.0.0
  com.unity.modules.terrain@1.0.0
  com.unity.modules.terrainphysics@1.0.0
  com.unity.modules.tilemap@1.0.0
  com.unity.modules.ui@1.0.0
  com.unity.modules.uielements@1.0.0
  com.unity.modules.umbra@1.0.0
  com.unity.modules.unityanalytics@1.0.0
  com.unity.modules.unitywebrequest@1.0.0
  com.unity.modules.unitywebrequestassetbundle@1.0.0
  com.unity.modules.unitywebrequestaudio@1.0.0
  com.unity.modules.unitywebrequesttexture@1.0.0
  com.unity.modules.unitywebrequestwww@1.0.0
  com.unity.modules.vehicles@1.0.0
  com.unity.modules.video@1.0.0
  com.unity.modules.vr@1.0.0
  com.unity.modules.wind@1.0.0
  com.unity.modules.xr@1.0.0
  com.unity.test-framework@1.1.24
  com.unity.textmeshpro@3.0.4
  com.unity.timeline@1.4.7
  com.unity.ugui@1.0.0

=== Sat Feb 19 18:22:27 2022

Packages were changed.
Update Mode: updateDependencies

The following packages were updated:
  com.unity.collab-proxy from version 1.3.9 to 1.15.12
  com.unity.ide.visualstudio from version 2.0.7 to 2.0.14
  com.unity.ide.vscode from version 1.2.3 to 1.2.4
  com.unity.test-framework from version 1.1.24 to 1.1.29
  com.unity.textmeshpro from version 3.0.4 to 3.0.6
  com.unity.timeline from version 1.4.7 to 1.4.8

=== Sat Oct 15 11:46:25 2022

Packages were changed.
Update Mode: updateDependencies

The following packages were updated:
  com.unity.collab-proxy from version 1.15.12 to 1.17.0
  com.unity.ide.visualstudio from version 2.0.14 to 2.0.16
  com.unity.ide.vscode from version 1.2.4 to 1.2.5
  com.unity.mobile.android-logcat from version 1.2.3 to 1.3.2
  com.unity.remote-config from version 3.0.0-pre.3 to 3.1.0
  com.unity.render-pipelines.universal from version 10.8.1 to 10.9.0
  com.unity.services.analytics from version 3.0.0-pre.4 to 4.0.1
  com.unity.services.authentication from version 1.0.0-pre.37 to 2.1.1
  com.unity.services.ccd.management from version 1.0.0-pre.2 to 2.1.0
  com.unity.services.cloudcode from version 1.0.0-pre.7 to 2.0.0
  com.unity.services.cloudsave from version 1.0.0-pre.3 to 2.0.0
  com.unity.services.economy from version 1.0.0-pre.8 to 2.0.3
  com.unity.services.lobby from version 1.0.0-pre.6 to 1.0.1
  com.unity.test-framework from version 1.1.29 to 1.1.31

=== Sat Oct 15 12:18:55 2022

Packages were changed.
Update Mode: updateDependencies

The following packages were updated:
  com.unity.collab-proxy from version 1.17.0 to 1.17.2
  com.unity.ide.rider from version 2.0.7 to 3.0.15
  com.unity.inputsystem from version 1.3.0 to 1.4.2
  com.unity.render-pipelines.universal from version 10.9.0 to 10.10.0
  com.unity.services.analytics from version 4.0.1 to 4.2.0
  com.unity.services.authentication from version 2.1.1 to 2.2.0
  com.unity.services.cloudcode from version 2.0.0 to 2.0.1
  com.unity.services.cloudsave from version 2.0.0 to 2.0.1

=== Wed Nov 23 12:22:17 2022

Packages were changed.
Update Mode: updateDependencies

The following packages were updated:
  com.unity.cinemachine from version 2.6.11 to 2.8.9
  com.unity.collab-proxy from version 1.17.2 to 1.17.6
  com.unity.ide.rider from version 3.0.15 to 3.0.16
  com.unity.inputsystem from version 1.4.3 to 1.4.4
  com.unity.remote-config from version 3.1.0 to 3.2.2
  com.unity.render-pipelines.universal from version 10.10.0 to 12.1.8
  com.unity.services.authentication from version 2.2.0 to 2.3.1
  com.unity.services.cloudcode from version 2.0.1 to 2.1.1
  com.unity.services.economy from version 2.0.3 to 3.0.0
  com.unity.timeline from version 1.4.8 to 1.6.4

=== Mon Dec 26 10:54:10 2022

Packages were changed.
Update Mode: updateDependencies

The following packages were updated:
  com.unity.collab-proxy from version 1.17.6 to 1.17.7

=== Thu May  4 20:40:26 2023

Packages were changed.
Update Mode: updateDependencies

The following packages were updated:
  com.unity.collab-proxy from version 1.17.7 to 2.0.3
  com.unity.ide.rider from version 3.0.16 to 3.0.20
  com.unity.ide.visualstudio from version 2.0.16 to 2.0.18
  com.unity.inputsystem from version 1.4.4 to 1.5.1
  com.unity.probuilder from version 5.0.6 to 5.0.7
  com.unity.remote-config from version 3.2.2 to 3.3.1
  com.unity.render-pipelines.universal from version 12.1.8 to 12.1.11
  com.unity.services.analytics from version 4.2.0 to 4.4.0
  com.unity.services.authentication from version 2.3.1 to 2.4.0
  com.unity.services.ccd.management from version 2.1.0 to 2.2.2
  com.unity.services.cloudcode from version 2.1.1 to 2.2.1
  com.unity.services.economy from version 3.0.0 to 3.1.1

=== Wed Mar 27 10:02:38 2024

Packages were changed.
Update Mode: updateDependencies

The following packages were added:
  com.unity.ai.navigation@1.1.4
The following packages were updated:
  com.unity.animation.rigging from version 1.2.0 to 1.2.1
  com.unity.cinemachine from version 2.8.9 to 2.9.5
  com.unity.collab-proxy from version 2.0.3 to 2.0.5
  com.unity.ide.rider from version 3.0.20 to 3.0.24
  com.unity.inputsystem from version 1.5.1 to 1.6.3
  com.unity.probuilder from version 5.0.7 to 5.1.0
  com.unity.recorder from version 3.0.3 to 4.0.1
  com.unity.remote-config from version 3.3.1 to 3.3.2
  com.unity.render-pipelines.universal from version 12.1.11 to 14.0.8
  com.unity.services.analytics from version 4.4.0 to 5.0.0
  com.unity.services.authentication from version 2.4.0 to 2.7.1
  com.unity.services.cloudcode from version 2.2.1 to 2.4.0
  com.unity.services.cloudsave from version 2.0.1 to 2.2.1
  com.unity.test-framework from version 1.1.31 to 1.1.33
  com.unity.timeline from version 1.6.4 to 1.7.5

=== Mon Apr  8 20:37:07 2024

Packages were changed.
Update Mode: updateDependencies

The following packages were updated:
  com.unity.ai.navigation from version 1.1.4 to 1.1.5
  com.unity.collab-proxy from version 2.0.5 to 2.3.1
  com.unity.ide.rider from version 3.0.24 to 3.0.28
  com.unity.ide.visualstudio from version 2.0.18 to 2.0.22
  com.unity.inputsystem from version 1.6.3 to 1.7.0
  com.unity.mobile.android-logcat from version 1.3.2 to 1.4.0
  com.unity.probuilder from version 5.1.0 to 5.2.2
  com.unity.recorder from version 4.0.1 to 4.0.2
  com.unity.render-pipelines.universal from version 14.0.8 to 14.0.10
  com.unity.services.authentication from version 2.7.1 to 2.7.2
  com.unity.services.cloudcode from version 2.4.0 to 2.5.0
  com.unity.services.economy from version 3.1.1 to 3.2.1
  com.unity.timeline from version 1.7.5 to 1.7.6
